INFO : mtprotosender : _connect : Connecting to 149.154.167.51:443/TcpFull...
DEBUG : mtprotosender : _try_connect : Connection attempt 1...
DEBUG : mtprotosender : _try_connect : Connection success!
DEBUG : mtprotosender : _try_gen_auth_key : New auth_key attempt 1...
DEBUG : mtprotosender : _try_gen_auth_key : auth_key generation success!
DEBUG : mtprotosender : _connect : Starting send loop
DEBUG : mtprotosender : _connect : Starting receive loop
INFO : mtprotosender : _connect : Connection to 149.154.167.51:443/TcpFull complete!
DEBUG : mtprotosender : _send_loop : Waiting for messages to send...
DEBUG : messagepacker : get : Assigned msg_id = 7189938374379006584 to InvokeWithLayerRequest (10b76f220)
DEBUG : mtprotosender : _send_loop : Encrypting 1 message(s) in 80 bytes for sending
DEBUG : mtprotosender : _send_loop : Encrypted messages put in a queue to be sent
DEBUG : mtprotosender : _send_loop : Waiting for messages to send...
DEBUG : mtprotosender : _recv_loop : Receiving items from the network...
DEBUG : mtprotosender : _handle_bad_server_salt : Handling bad salt for message 7189938374379006584
DEBUG : mtprotosender : _handle_bad_server_salt : 1 message(s) will be resent
DEBUG : mtprotosender : _recv_loop : Receiving items from the network...
DEBUG : messagepacker : get : Assigned msg_id = 7189938374651447492 to InvokeWithLayerRequest (10b76f220)
DEBUG : mtprotosender : _send_loop : Encrypting 1 message(s) in 80 bytes for sending
DEBUG : mtprotosender : _send_loop : Encrypted messages put in a queue to be sent
DEBUG : mtprotosender : _send_loop : Waiting for messages to send...
DEBUG : messagepacker : get : Assigned msg_id = 7189938374655554968 to MsgsAck (10b76f940)
DEBUG : mtprotosender : _send_loop : Encrypting 1 message(s) in 36 bytes for sending
DEBUG : mtprotosender : _send_loop : Encrypted messages put in a queue to be sent
DEBUG : mtprotosender : _send_loop : Waiting for messages to send...
DEBUG : mtprotosender : _handle_container : Handling container
DEBUG : mtprotosender : _handle_new_session_created : Handling new session created
DEBUG : mtprotosender : _handle_ack : Handling acknowledge for [7189938374651447492]
DEBUG : mtprotosender : _recv_loop : Receiving items from the network...
DEBUG : mtprotosender : _handle_rpc_result : Handling RPC result for message 7189938374651447492
DEBUG : mtprotosender : _recv_loop : Receiving items from the network...
DEBUG : messagepacker : get : Assigned msg_id = 7189938374953130920 to GetUsersRequest (10b76fc70)
DEBUG : mtprotosender : _send_loop : Encrypting 1 message(s) in 32 bytes for sending
DEBUG : mtprotosender : _send_loop : Encrypted messages put in a queue to be sent
DEBUG : mtprotosender : _send_loop : Waiting for messages to send...
DEBUG : messagepacker : get : Assigned msg_id = 7189938374960742192 to MsgsAck (10b76fc40)
DEBUG : mtprotosender : _send_loop : Encrypting 1 message(s) in 60 bytes for sending
DEBUG : mtprotosender : _send_loop : Encrypted messages put in a queue to be sent
DEBUG : mtprotosender : _send_loop : Waiting for messages to send...
DEBUG : mtprotosender : _handle_rpc_result : Handling RPC result for message 7189938374953130920
DEBUG : mtprotosender : _recv_loop : Receiving items from the network...
DEBUG : messagepacker : get : Assigned msg_id = 7189938375242234428 to MsgsAck (10b76fca0)
DEBUG : mtprotosender : _send_loop : Encrypting 1 message(s) in 36 bytes for sending
DEBUG : mtprotosender : _send_loop : Encrypted messages put in a queue to be sent
DEBUG : mtprotosender : _send_loop : Waiting for messages to send...
DEBUG : messagepacker : get : Assigned msg_id = 7189938375245183188 to MsgsAck (10b76f790)
DEBUG : mtprotosender : _send_loop : Encrypting 1 message(s) in 36 bytes for sending
DEBUG : mtprotosender : _send_loop : Encrypted messages put in a queue to be sent
DEBUG : mtprotosender : _send_loop : Waiting for messages to send...
DEBUG : messagepacker : get : Assigned msg_id = 7189938375251482208 to GetUsersRequest (10b76f670)
DEBUG : mtprotosender : _send_loop : Encrypting 1 message(s) in 32 bytes for sending
DEBUG : mtprotosender : _send_loop : Encrypted messages put in a queue to be sent
DEBUG : mtprotosender : _send_loop : Waiting for messages to send...
DEBUG : mtprotosender : _handle_rpc_result : Handling RPC result for message 7189938375251482208
DEBUG : mtprotosender : _recv_loop : Receiving items from the network...
DEBUG : messagepacker : get : Assigned msg_id = 7189938375560075004 to MsgsAck (10b76ff70)
DEBUG : mtprotosender : _send_loop : Encrypting 1 message(s) in 36 bytes for sending
DEBUG : mtprotosender : _send_loop : Encrypted messages put in a queue to be sent
DEBUG : mtprotosender : _send_loop : Waiting for messages to send...
DEBUG : messagepacker : get : Assigned msg_id = 7189938375562754828 to MsgsAck (10b76f310)
DEBUG : mtprotosender : _send_loop : Encrypting 1 message(s) in 36 bytes for sending
DEBUG : mtprotosender : _send_loop : Encrypted messages put in a queue to be sent
DEBUG : mtprotosender : _send_loop : Waiting for messages to send...
DEBUG : messagepacker : get : Assigned msg_id = 7189938375566278656 to GetUsersRequest (10b76fe80)
DEBUG : mtprotosender : _send_loop : Encrypting 1 message(s) in 32 bytes for sending
DEBUG : mtprotosender : _send_loop : Encrypted messages put in a queue to be sent
DEBUG : mtprotosender : _send_loop : Waiting for messages to send...
DEBUG : mtprotosender : _handle_rpc_result : Handling RPC result for message 7189938375566278656
DEBUG : mtprotosender : _recv_loop : Receiving items from the network...
DEBUG : messagepacker : get : Assigned msg_id = 7189938375948138432 to MsgsAck (10b7d8190)
DEBUG : mtprotosender : _send_loop : Encrypting 1 message(s) in 36 bytes for sending
DEBUG : mtprotosender : _send_loop : Encrypted messages put in a queue to be sent
DEBUG : mtprotosender : _send_loop : Waiting for messages to send...
DEBUG : messagepacker : get : Assigned msg_id = 7189938375951254088 to MsgsAck (10b7d8280)
DEBUG : mtprotosender : _send_loop : Encrypting 1 message(s) in 36 bytes for sending
DEBUG : mtprotosender : _send_loop : Encrypted messages put in a queue to be sent
DEBUG : mtprotosender : _send_loop : Waiting for messages to send...
DEBUG : messagepacker : get : Assigned msg_id = 7189938375966727452 to ImportBotAuthorizationRequest (10b7d8340)
DEBUG : mtprotosender : _send_loop : Encrypting 1 message(s) in 112 bytes for sending
DEBUG : mtprotosender : _send_loop : Encrypted messages put in a queue to be sent
DEBUG : mtprotosender : _send_loop : Waiting for messages to send...
DEBUG : mtprotosender : _handle_rpc_result : Handling RPC result for message 7189938375966727452
DEBUG : mtprotosender : _recv_loop : Receiving items from the network...
DEBUG : messagepacker : get : Assigned msg_id = 7189938376677845796 to MsgsAck (10b7d83d0)
DEBUG : mtprotosender : _send_loop : Encrypting 1 message(s) in 36 bytes for sending
DEBUG : mtprotosender : _send_loop : Encrypted messages put in a queue to be sent
DEBUG : mtprotosender : _send_loop : Waiting for messages to send...
DEBUG : messagepacker : get : Assigned msg_id = 7189938376688050112 to MsgsAck (10b7d80a0)
DEBUG : mtprotosender : _send_loop : Encrypting 1 message(s) in 36 bytes for sending
INFO : users : _call : Phone migrated to 5
INFO : telegrambaseclient : _switch_dc : Reconnecting to new data center 5
DEBUG : mtprotosender : _send_loop : Encrypted messages put in a queue to be sent
DEBUG : mtprotosender : _send_loop : Waiting for messages to send...
DEBUG : messagepacker : get : Assigned msg_id = 7189938376771170456 to GetConfigRequest (10b7d8460)
DEBUG : mtprotosender : _send_loop : Encrypting 1 message(s) in 20 bytes for sending
DEBUG : mtprotosender : _send_loop : Encrypted messages put in a queue to be sent
DEBUG : mtprotosender : _send_loop : Waiting for messages to send...
DEBUG : mtprotosender : _handle_rpc_result : Handling RPC result for message 7189938376771170456
DEBUG : mtprotosender : _recv_loop : Receiving items from the network...
INFO : mtprotosender : _disconnect : Disconnecting from 149.154.167.51:443/TcpFull...
DEBUG : mtprotosender : _disconnect : Closing current connection...
DEBUG : mtprotosender : _disconnect : Cancelling 0 pending message(s)...
INFO : mtprotosender : _disconnect : Disconnection from 149.154.167.51:443/TcpFull complete!
INFO : mtprotosender : _connect : Connecting to 91.108.56.163:443/TcpFull...
DEBUG : mtprotosender : _try_connect : Connection attempt 1...
DEBUG : mtprotosender : _try_connect : Connection success!
DEBUG : mtprotosender : _try_gen_auth_key : New auth_key attempt 1...
DEBUG : mtprotosender : _try_gen_auth_key : auth_key generation success!
DEBUG : mtprotosender : _connect : Starting send loop
DEBUG : mtprotosender : _connect : Starting receive loop
INFO : mtprotosender : _connect : Connection to 91.108.56.163:443/TcpFull complete!
DEBUG : mtprotosender : _send_loop : Waiting for messages to send...
DEBUG : messagepacker : get : Assigned msg_id = 7189938385749640548 to InvokeWithLayerRequest (10b76f250)
DEBUG : messagepacker : get : Assigned msg_id = 7189938385750036324 to MsgsAck (10b7d86a0)
DEBUG : mtprotosender : _send_loop : Encrypting 2 message(s) in 140 bytes for sending
DEBUG : mtprotosender : _send_loop : Encrypted messages put in a queue to be sent
DEBUG : mtprotosender : _send_loop : Waiting for messages to send...
DEBUG : mtprotosender : _recv_loop : Receiving items from the network...
DEBUG : mtprotosender : _handle_bad_server_salt : Handling bad salt for message 7189938385750500764
DEBUG : mtprotosender : _handle_bad_server_salt : 1 message(s) will be resent
DEBUG : mtprotosender : _recv_loop : Receiving items from the network...
DEBUG : messagepacker : get : Assigned msg_id = 7189938386607344712 to InvokeWithLayerRequest (10b76f250)
DEBUG : mtprotosender : _send_loop : Encrypting 1 message(s) in 80 bytes for sending
DEBUG : mtprotosender : _send_loop : Encrypted messages put in a queue to be sent
DEBUG : mtprotosender : _send_loop : Waiting for messages to send...
DEBUG : messagepacker : get : Assigned msg_id = 7189938386615028464 to MsgsAck (10b76f910)
DEBUG : mtprotosender : _send_loop : Encrypting 1 message(s) in 36 bytes for sending
DEBUG : mtprotosender : _send_loop : Encrypted messages put in a queue to be sent
DEBUG : mtprotosender : _send_loop : Waiting for messages to send...
DEBUG : mtprotosender : _handle_container : Handling container
DEBUG : mtprotosender : _handle_new_session_created : Handling new session created
DEBUG : mtprotosender : _handle_ack : Handling acknowledge for [7189938386607344712]
DEBUG : mtprotosender : _recv_loop : Receiving items from the network...
DEBUG : mtprotosender : _handle_rpc_result : Handling RPC result for message 7189938386607344712
DEBUG : mtprotosender : _recv_loop : Receiving items from the network...
DEBUG : messagepacker : get : Assigned msg_id = 7189938391825024332 to GetUsersRequest (10b76fbe0)
DEBUG : mtprotosender : _send_loop : Encrypting 1 message(s) in 32 bytes for sending
DEBUG : mtprotosender : _send_loop : Encrypted messages put in a queue to be sent
DEBUG : mtprotosender : _send_loop : Waiting for messages to send...
DEBUG : messagepacker : get : Assigned msg_id = 7189938391826532092 to MsgsAck (10b76f250)
DEBUG : mtprotosender : _send_loop : Encrypting 1 message(s) in 60 bytes for sending
DEBUG : mtprotosender : _send_loop : Encrypted messages put in a queue to be sent
DEBUG : mtprotosender : _send_loop : Waiting for messages to send...
DEBUG : mtprotosender : _handle_rpc_result : Handling RPC result for message 7189938391825024332
DEBUG : mtprotosender : _recv_loop : Receiving items from the network...
DEBUG : messagepacker : get : Assigned msg_id = 7189938392697375980 to MsgsAck (10b7d8fd0)
DEBUG : mtprotosender : _send_loop : Encrypting 1 message(s) in 36 bytes for sending
DEBUG : mtprotosender : _send_loop : Encrypted messages put in a queue to be sent
DEBUG : mtprotosender : _send_loop : Waiting for messages to send...
DEBUG : messagepacker : get : Assigned msg_id = 7189938392701411928 to MsgsAck (10b7d90c0)
DEBUG : mtprotosender : _send_loop : Encrypting 1 message(s) in 36 bytes for sending
DEBUG : mtprotosender : _send_loop : Encrypted messages put in a queue to be sent
DEBUG : mtprotosender : _send_loop : Waiting for messages to send...
DEBUG : messagepacker : get : Assigned msg_id = 7189938392706348148 to ImportBotAuthorizationRequest (10b7d8340)
DEBUG : mtprotosender : _send_loop : Encrypting 1 message(s) in 112 bytes for sending
DEBUG : mtprotosender : _send_loop : Encrypted messages put in a queue to be sent
DEBUG : mtprotosender : _send_loop : Waiting for messages to send...
DEBUG : mtprotosender : _handle_rpc_result : Handling RPC result for message 7189938392706348148
DEBUG : mtprotosender : _recv_loop : Receiving items from the network...
DEBUG : messagepacker : get : Assigned msg_id = 7189938393924027768 to GetStateRequest (10b7d9120)
DEBUG : mtprotosender : _send_loop : Encrypting 1 message(s) in 20 bytes for sending
DEBUG : mtprotosender : _send_loop : Encrypted messages put in a queue to be sent
DEBUG : mtprotosender : _send_loop : Waiting for messages to send...
DEBUG : messagepacker : get : Assigned msg_id = 7189938393927399008 to MsgsAck (10b7d8fd0)
DEBUG : mtprotosender : _send_loop : Encrypting 1 message(s) in 36 bytes for sending
DEBUG : mtprotosender : _send_loop : Encrypted messages put in a queue to be sent
DEBUG : mtprotosender : _send_loop : Waiting for messages to send...
DEBUG : mtprotosender : _handle_rpc_result : Handling RPC result for message 7189938393924027768
DEBUG : mtprotosender : _recv_loop : Receiving items from the network...
DEBUG : messagepacker : get : Assigned msg_id = 7189938406124573324 to GetUsersRequest (10b7d84c0)
DEBUG : mtprotosender : _send_loop : Encrypting 1 message(s) in 32 bytes for sending
DEBUG : mtprotosender : _send_loop : Encrypted messages put in a queue to be sent
DEBUG : mtprotosender : _send_loop : Waiting for messages to send...
DEBUG : messagepacker : get : Assigned msg_id = 7189938406129361724 to MsgsAck (10b7d9210)
DEBUG : mtprotosender : _send_loop : Encrypting 1 message(s) in 36 bytes for sending
DEBUG : mtprotosender : _send_loop : Encrypted messages put in a queue to be sent
DEBUG : mtprotosender : _send_loop : Waiting for messages to send...
DEBUG : mtprotosender : _handle_rpc_result : Handling RPC result for message 7189938406124573324
DEBUG : mtprotosender : _recv_loop : Receiving items from the network...
DEBUG : protocol : __init__ : = connection is CONNECTING
DEBUG : client : write_http_request : > GET /devtools/browser/de199ac6-5b40-463c-9a03-4376f1e3717d HTTP/1.1
DEBUG : client : write_http_request : > Host: 127.0.0.1:57604
DEBUG : client : write_http_request : > Upgrade: websocket
DEBUG : client : write_http_request : > Connection: Upgrade
DEBUG : client : write_http_request : > Sec-WebSocket-Key: zBdGdPyPEZV7LOezZPZVXA==
DEBUG : client : write_http_request : > Sec-WebSocket-Version: 13
DEBUG : client : write_http_request : > Sec-WebSocket-Extensions: permessage-deflate; client_max_window_bits
DEBUG : client : write_http_request : > User-Agent: Python/3.10 websockets/10.4
DEBUG : client : read_http_response : < HTTP/1.1 101 WebSocket Protocol Handshake
DEBUG : client : read_http_response : < Upgrade: WebSocket
DEBUG : client : read_http_response : < Connection: Upgrade
DEBUG : client : read_http_response : < Sec-WebSocket-Accept: ps5/2GyZIgFoyUWomOsuVXcsgOk=
DEBUG : client : read_http_response : < Sec-WebSocket-Extensions: permessage-deflate; client_max_window_bits=15
DEBUG : protocol : connection_open : = connection is OPEN
DEBUG : protocol : write_frame_sync : > TEXT '{"id": 1, "method": "Target.setDiscoverTargets"...s": {"discover": true}}' [78 bytes]
DEBUG : protocol : read_frame : < TEXT '{"method":"Target.targetCreated","params":{"tar...:"","attached":false}}}' [163 bytes]
DEBUG : protocol : read_frame : < TEXT '{"method":"Target.targetCreated","params":{"tar...":"","attached":true}}}' [162 bytes]
DEBUG : protocol : read_frame : < TEXT '{"method":"Target.targetCreated","params":{"tar...8C9BC16797C1936ECF2"}}}' [221 bytes]
DEBUG : protocol : read_frame : < TEXT '{"id":1,"result":{}}' [20 bytes]
DEBUG : protocol : write_frame_sync : > TEXT '{"id": 2, "method": "Target.createTarget", "par...{"url": "about:blank"}}' [76 bytes]
DEBUG : protocol : read_frame : < TEXT '{"method":"Target.targetCreated","params":{"tar...8C9BC16797C1936ECF2"}}}' [210 bytes]
DEBUG : protocol : read_frame : < TEXT '{"id":2,"result":{"targetId":"53539E67100CF0A8E6CEE6C71A04CD9A"}}' [65 bytes]
DEBUG : protocol : read_frame : < TEXT '{"method":"Target.targetInfoChanged","params":{...8C9BC16797C1936ECF2"}}}' [236 bytes]
DEBUG : protocol : write_frame_sync : > TEXT '{"id": 3, "method": "Target.attachToTarget", "p...F0A8E6CEE6C71A04CD9A"}}' [104 bytes]
DEBUG : protocol : read_frame : < TEXT '{"method":"Target.targetInfoChanged","params":{...8C9BC16797C1936ECF2"}}}' [235 bytes]
DEBUG : protocol : read_frame : < TEXT '{"method":"Target.attachedToTarget","params":{"...ingForDebugger":false}}' [308 bytes]
DEBUG : protocol : read_frame : < TEXT '{"id":3,"result":{"sessionId":"369C6F4F57D64F6B72E49F445C897D6A"}}' [66 bytes]
DEBUG : protocol : write_frame_sync : > TEXT '{"id": 4, "method": "Target.sendMessageToTarget... \\"params\\": null}"}}' [183 bytes]
DEBUG : protocol : read_frame : < TEXT '{"id":4,"result":{}}' [20 bytes]
DEBUG : protocol : read_frame : < TEXT '{"method":"Target.targetInfoChanged","params":{...8C9BC16797C1936ECF2"}}}' [236 bytes]
DEBUG : protocol : read_frame : < TEXT '{"method":"Target.receivedMessageFromTarget","p...F0A8E6CEE6C71A04CD9A"}}' [186 bytes]
DEBUG : protocol : write_frame_sync : > TEXT '{"id": 5, "method": "Target.sendMessageToTarget... \\"params\\": null}"}}' [189 bytes]
DEBUG : protocol : read_frame : < TEXT '{"id":5,"result":{}}' [20 bytes]
DEBUG : protocol : read_frame : < TEXT '{"method":"Target.receivedMessageFromTarget","p...F0A8E6CEE6C71A04CD9A"}}' [385 bytes]
DEBUG : protocol : write_frame_sync : > TEXT '{"id": 6, "method": "Target.sendMessageToTarget...rOnStart\\": false}}"}}' [245 bytes]
DEBUG : protocol : write_frame_sync : > TEXT '{"id": 7, "method": "Target.sendMessageToTarget...\"enabled\\": true}}"}}' [217 bytes]
DEBUG : protocol : write_frame_sync : > TEXT '{"id": 8, "method": "Target.sendMessageToTarget...", \\"params\\": {}}"}}' [184 bytes]
DEBUG : protocol : write_frame_sync : > TEXT '{"id": 9, "method": "Target.sendMessageToTarget...", \\"params\\": {}}"}}' [184 bytes]
DEBUG : protocol : write_frame_sync : > TEXT '{"id": 10, "method": "Target.sendMessageToTarge...", \\"params\\": {}}"}}' [186 bytes]
DEBUG : protocol : write_frame_sync : > TEXT '{"id": 11, "method": "Target.sendMessageToTarge...", \\"params\\": {}}"}}' [189 bytes]
DEBUG : protocol : write_frame_sync : > TEXT '{"id": 12, "method": "Target.sendMessageToTarge...", \\"params\\": {}}"}}' [181 bytes]
DEBUG : protocol : read_frame : < TEXT '{"id":6,"result":{}}' [20 bytes]
DEBUG : protocol : read_frame : < TEXT '{"id":7,"result":{}}' [20 bytes]
DEBUG : protocol : read_frame : < TEXT '{"method":"Target.receivedMessageFromTarget","p...F0A8E6CEE6C71A04CD9A"}}' [186 bytes]
DEBUG : protocol : read_frame : < TEXT '{"id":8,"result":{}}' [20 bytes]
DEBUG : protocol : read_frame : < TEXT '{"method":"Target.receivedMessageFromTarget","p...F0A8E6CEE6C71A04CD9A"}}' [358 bytes]
DEBUG : protocol : read_frame : < TEXT '{"id":9,"result":{}}' [20 bytes]
DEBUG : protocol : read_frame : < TEXT '{"method":"Target.receivedMessageFromTarget","p...F0A8E6CEE6C71A04CD9A"}}' [368 bytes]
DEBUG : protocol : read_frame : < TEXT '{"method":"Target.receivedMessageFromTarget","p...F0A8E6CEE6C71A04CD9A"}}' [356 bytes]
DEBUG : protocol : read_frame : < TEXT '{"method":"Target.receivedMessageFromTarget","p...F0A8E6CEE6C71A04CD9A"}}' [369 bytes]
DEBUG : protocol : read_frame : < TEXT '{"method":"Target.receivedMessageFromTarget","p...F0A8E6CEE6C71A04CD9A"}}' [363 bytes]
DEBUG : protocol : read_frame : < TEXT '{"method":"Target.receivedMessageFromTarget","p...F0A8E6CEE6C71A04CD9A"}}' [597 bytes]
DEBUG : protocol : read_frame : < TEXT '{"method":"Target.receivedMessageFromTarget","p...F0A8E6CEE6C71A04CD9A"}}' [186 bytes]
DEBUG : protocol : read_frame : < TEXT '{"id":10,"result":{}}' [21 bytes]
DEBUG : protocol : read_frame : < TEXT '{"method":"Target.receivedMessageFromTarget","p...F0A8E6CEE6C71A04CD9A"}}' [186 bytes]
DEBUG : protocol : read_frame : < TEXT '{"method":"Target.receivedMessageFromTarget","p...F0A8E6CEE6C71A04CD9A"}}' [186 bytes]
DEBUG : protocol : read_frame : < TEXT '{"id":11,"result":{}}' [21 bytes]
DEBUG : protocol : read_frame : < TEXT '{"id":12,"result":{}}' [21 bytes]
DEBUG : protocol : read_frame : < TEXT '{"method":"Target.receivedMessageFromTarget","p...F0A8E6CEE6C71A04CD9A"}}' [382 bytes]
DEBUG : protocol : read_frame : < TEXT '{"method":"Target.receivedMessageFromTarget","p...F0A8E6CEE6C71A04CD9A"}}' [186 bytes]
DEBUG : protocol : read_frame : < TEXT '{"method":"Target.receivedMessageFromTarget","p...F0A8E6CEE6C71A04CD9A"}}' [186 bytes]
DEBUG : protocol : read_frame : < TEXT '{"method":"Target.receivedMessageFromTarget","p...F0A8E6CEE6C71A04CD9A"}}' [186 bytes]
DEBUG : protocol : write_frame_sync : > TEXT '{"id": 13, "method": "Target.sendMessageToTarge...ortraitPrimary\\"}}}"}}' [352 bytes]
DEBUG : protocol : read_frame : < TEXT '{"id":13,"result":{}}' [21 bytes]
DEBUG : protocol : read_frame : < TEXT '{"method":"Target.receivedMessageFromTarget","p...F0A8E6CEE6C71A04CD9A"}}' [187 bytes]
DEBUG : protocol : write_frame_sync : > TEXT '{"id": 14, "method": "Target.sendMessageToTarge...\\": \\"desktop\\"}}"}}' [256 bytes]
DEBUG : protocol : read_frame : < TEXT '{"id":14,"result":{}}' [21 bytes]
DEBUG : protocol : read_frame : < TEXT '{"method":"Target.receivedMessageFromTarget","p...F0A8E6CEE6C71A04CD9A"}}' [187 bytes]
DEBUG : protocol : write_frame_sync : > TEXT '{"id": 15, "method": "Target.sendMessageToTarge...ortraitPrimary\\"}}}"}}' [354 bytes]
DEBUG : protocol : read_frame : < TEXT '{"id":15,"result":{}}' [21 bytes]
DEBUG : protocol : read_frame : < TEXT '{"method":"Target.receivedMessageFromTarget","p...F0A8E6CEE6C71A04CD9A"}}' [210 bytes]
DEBUG : protocol : read_frame : < TEXT '{"method":"Target.receivedMessageFromTarget","p...F0A8E6CEE6C71A04CD9A"}}' [187 bytes]
DEBUG : protocol : write_frame_sync : > TEXT '{"id": 16, "method": "Target.sendMessageToTarge...\\": \\"desktop\\"}}"}}' [256 bytes]
DEBUG : protocol : read_frame : < TEXT '{"id":16,"result":{}}' [21 bytes]
DEBUG : protocol : read_frame : < TEXT '{"method":"Target.receivedMessageFromTarget","p...F0A8E6CEE6C71A04CD9A"}}' [187 bytes]
DEBUG : messagepacker : get : Assigned msg_id = 7189938413337420324 to GetStateRequest (10b7da4a0)
DEBUG : mtprotosender : _send_loop : Encrypting 1 message(s) in 20 bytes for sending
DEBUG : mtprotosender : _send_loop : Encrypted messages put in a queue to be sent
DEBUG : mtprotosender : _send_loop : Waiting for messages to send...
DEBUG : messagepacker : get : Assigned msg_id = 7189938413350416044 to MsgsAck (10b7da560)
DEBUG : mtprotosender : _send_loop : Encrypting 1 message(s) in 36 bytes for sending
DEBUG : mtprotosender : _send_loop : Encrypted messages put in a queue to be sent
DEBUG : mtprotosender : _send_loop : Waiting for messages to send...
DEBUG : mtprotosender : _handle_rpc_result : Handling RPC result for message 7189938413337420324
DEBUG : mtprotosender : _recv_loop : Receiving items from the network...
DEBUG : protocol : read_frame : < TEXT '{"method":"Target.receivedMessageFromTarget","p...F0A8E6CEE6C71A04CD9A"}}' [369 bytes]
DEBUG : protocol : read_frame : < TEXT '{"method":"Target.receivedMessageFromTarget","p...F0A8E6CEE6C71A04CD9A"}}' [363 bytes]
DEBUG : mtprotosender : _handle_gzip_packed : Handling gzipped data
DEBUG : mtprotosender : _handle_update : Handling update Updates
DEBUG : mtprotosender : _recv_loop : Receiving items from the network...
INFO : main : echo : https://vk.com/topic-74099769_33861918
DEBUG : messagepacker : get : Assigned msg_id = 7189938480542189492 to SendMessageRequest (10b7dbcd0)
DEBUG : mtprotosender : _send_loop : Encrypting 1 message(s) in 108 bytes for sending
DEBUG : mtprotosender : _send_loop : Encrypted messages put in a queue to be sent
DEBUG : mtprotosender : _send_loop : Waiting for messages to send...
DEBUG : messagepacker : get : Assigned msg_id = 7189938480546025172 to MsgsAck (10b7da410)
DEBUG : mtprotosender : _send_loop : Encrypting 1 message(s) in 44 bytes for sending
DEBUG : mtprotosender : _send_loop : Encrypted messages put in a queue to be sent
DEBUG : mtprotosender : _send_loop : Waiting for messages to send...
DEBUG : mtprotosender : _handle_rpc_result : Handling RPC result for message 7189938480542189492
DEBUG : mtprotosender : _recv_loop : Receiving items from the network...
DEBUG : protocol : write_frame_sync : > TEXT '{"id": 17, "method": "Target.sendMessageToTarge...eferrer\\": \\"\\"}}"}}' [256 bytes]
DEBUG : protocol : read_frame : < TEXT '{"id":17,"result":{}}' [21 bytes]
DEBUG : protocol : read_frame : < TEXT '{"method":"Target.receivedMessageFromTarget","p...F0A8E6CEE6C71A04CD9A"}}' [961 bytes]
DEBUG : mtprotosender : _handle_gzip_packed : Handling gzipped data
DEBUG : mtprotosender : _handle_update : Handling update Updates
DEBUG : mtprotosender : _recv_loop : Receiving items from the network...
DEBUG : protocol : read_frame : < TEXT '{"method":"Target.receivedMessageFromTarget","p...F0A8E6CEE6C71A04CD9A"}}' [4618 bytes]
DEBUG : protocol : read_frame : < TEXT '{"method":"Target.receivedMessageFromTarget","p...F0A8E6CEE6C71A04CD9A"}}' [285 bytes]
DEBUG : protocol : read_frame : < TEXT '{"method":"Target.receivedMessageFromTarget","p...F0A8E6CEE6C71A04CD9A"}}' [265 bytes]
DEBUG : protocol : read_frame : < TEXT '{"method":"Target.receivedMessageFromTarget","p...F0A8E6CEE6C71A04CD9A"}}' [356 bytes]
DEBUG : protocol : read_frame : < TEXT '{"method":"Target.receivedMessageFromTarget","p...F0A8E6CEE6C71A04CD9A"}}' [6356 bytes]
DEBUG : protocol : read_frame : < TEXT '{"method":"Target.targetInfoChanged","params":{...8C9BC16797C1936ECF2"}}}' [289 bytes]
DEBUG : protocol : read_frame : < TEXT '{"method":"Target.receivedMessageFromTarget","p...F0A8E6CEE6C71A04CD9A"}}' [340 bytes]
DEBUG : protocol : read_frame : < TEXT '{"method":"Target.receivedMessageFromTarget","p...F0A8E6CEE6C71A04CD9A"}}' [250 bytes]
DEBUG : protocol : read_frame : < TEXT '{"method":"Target.receivedMessageFromTarget","p...F0A8E6CEE6C71A04CD9A"}}' [225 bytes]
DEBUG : protocol : read_frame : < TEXT '{"method":"Target.receivedMessageFromTarget","p...F0A8E6CEE6C71A04CD9A"}}' [433 bytes]
DEBUG : protocol : read_frame : < TEXT '{"method":"Target.receivedMessageFromTarget","p...F0A8E6CEE6C71A04CD9A"}}' [393 bytes]
DEBUG : protocol : read_frame : < TEXT '{"method":"Target.receivedMessageFromTarget","p...F0A8E6CEE6C71A04CD9A"}}' [336 bytes]
DEBUG : protocol : read_frame : < TEXT '{"method":"Target.receivedMessageFromTarget","p...F0A8E6CEE6C71A04CD9A"}}' [1048 bytes]
DEBUG : protocol : read_frame : < TEXT '{"method":"Target.receivedMessageFromTarget","p...F0A8E6CEE6C71A04CD9A"}}' [1046 bytes]
DEBUG : protocol : read_frame : < TEXT '{"method":"Target.receivedMessageFromTarget","p...F0A8E6CEE6C71A04CD9A"}}' [1047 bytes]
DEBUG : protocol : read_frame : < TEXT '{"method":"Target.receivedMessageFromTarget","p...F0A8E6CEE6C71A04CD9A"}}' [1052 bytes]
DEBUG : protocol : read_frame : < TEXT '{"method":"Target.receivedMessageFromTarget","p...F0A8E6CEE6C71A04CD9A"}}' [1055 bytes]
DEBUG : protocol : read_frame : < TEXT '{"method":"Target.receivedMessageFromTarget","p...F0A8E6CEE6C71A04CD9A"}}' [1030 bytes]
DEBUG : protocol : read_frame : < TEXT '{"method":"Target.receivedMessageFromTarget","p...F0A8E6CEE6C71A04CD9A"}}' [1063 bytes]
DEBUG : protocol : read_frame : < TEXT '{"method":"Target.receivedMessageFromTarget","p...F0A8E6CEE6C71A04CD9A"}}' [1063 bytes]
DEBUG : protocol : read_frame : < TEXT '{"method":"Target.receivedMessageFromTarget","p...F0A8E6CEE6C71A04CD9A"}}' [1095 bytes]
DEBUG : protocol : read_frame : < TEXT '{"method":"Target.receivedMessageFromTarget","p...F0A8E6CEE6C71A04CD9A"}}' [1089 bytes]
DEBUG : protocol : read_frame : < TEXT '{"method":"Target.receivedMessageFromTarget","p...F0A8E6CEE6C71A04CD9A"}}' [1083 bytes]
DEBUG : protocol : read_frame : < TEXT '{"method":"Target.receivedMessageFromTarget","p...F0A8E6CEE6C71A04CD9A"}}' [1094 bytes]
DEBUG : protocol : read_frame : < TEXT '{"method":"Target.receivedMessageFromTarget","p...F0A8E6CEE6C71A04CD9A"}}' [1097 bytes]
DEBUG : protocol : read_frame : < TEXT '{"method":"Target.receivedMessageFromTarget","p...F0A8E6CEE6C71A04CD9A"}}' [1098 bytes]
DEBUG : protocol : read_frame : < TEXT '{"method":"Target.receivedMessageFromTarget","p...F0A8E6CEE6C71A04CD9A"}}' [1097 bytes]
DEBUG : protocol : read_frame : < TEXT '{"method":"Target.receivedMessageFromTarget","p...F0A8E6CEE6C71A04CD9A"}}' [1098 bytes]
DEBUG : protocol : read_frame : < TEXT '{"method":"Target.receivedMessageFromTarget","p...F0A8E6CEE6C71A04CD9A"}}' [1084 bytes]
DEBUG : protocol : read_frame : < TEXT '{"method":"Target.receivedMessageFromTarget","p...F0A8E6CEE6C71A04CD9A"}}' [1059 bytes]
DEBUG : protocol : read_frame : < TEXT '{"method":"Target.receivedMessageFromTarget","p...F0A8E6CEE6C71A04CD9A"}}' [1062 bytes]
DEBUG : protocol : read_frame : < TEXT '{"method":"Target.receivedMessageFromTarget","p...F0A8E6CEE6C71A04CD9A"}}' [1059 bytes]
DEBUG : protocol : read_frame : < TEXT '{"method":"Target.receivedMessageFromTarget","p...F0A8E6CEE6C71A04CD9A"}}' [1050 bytes]
DEBUG : protocol : read_frame : < TEXT '{"method":"Target.receivedMessageFromTarget","p...F0A8E6CEE6C71A04CD9A"}}' [1043 bytes]
DEBUG : protocol : read_frame : < TEXT '{"method":"Target.receivedMessageFromTarget","p...F0A8E6CEE6C71A04CD9A"}}' [1068 bytes]
DEBUG : protocol : read_frame : < TEXT '{"method":"Target.receivedMessageFromTarget","p...F0A8E6CEE6C71A04CD9A"}}' [1057 bytes]
DEBUG : protocol : read_frame : < TEXT '{"method":"Target.receivedMessageFromTarget","p...F0A8E6CEE6C71A04CD9A"}}' [1049 bytes]
DEBUG : protocol : read_frame : < TEXT '{"method":"Target.receivedMessageFromTarget","p...F0A8E6CEE6C71A04CD9A"}}' [1024 bytes]
DEBUG : protocol : read_frame : < TEXT '{"method":"Target.receivedMessageFromTarget","p...F0A8E6CEE6C71A04CD9A"}}' [1019 bytes]
DEBUG : protocol : read_frame : < TEXT '{"method":"Target.receivedMessageFromTarget","p...F0A8E6CEE6C71A04CD9A"}}' [1019 bytes]
DEBUG : protocol : read_frame : < TEXT '{"method":"Target.receivedMessageFromTarget","p...F0A8E6CEE6C71A04CD9A"}}' [1050 bytes]
DEBUG : protocol : read_frame : < TEXT '{"method":"Target.receivedMessageFromTarget","p...F0A8E6CEE6C71A04CD9A"}}' [1076 bytes]
DEBUG : protocol : read_frame : < TEXT '{"method":"Target.receivedMessageFromTarget","p...F0A8E6CEE6C71A04CD9A"}}' [1087 bytes]
DEBUG : protocol : read_frame : < TEXT '{"method":"Target.receivedMessageFromTarget","p...F0A8E6CEE6C71A04CD9A"}}' [1087 bytes]
DEBUG : protocol : read_frame : < TEXT '{"method":"Target.receivedMessageFromTarget","p...F0A8E6CEE6C71A04CD9A"}}' [1087 bytes]
DEBUG : protocol : read_frame : < TEXT '{"method":"Target.receivedMessageFromTarget","p...F0A8E6CEE6C71A04CD9A"}}' [1087 bytes]
DEBUG : protocol : read_frame : < TEXT '{"method":"Target.receivedMessageFromTarget","p...F0A8E6CEE6C71A04CD9A"}}' [1051 bytes]
DEBUG : protocol : read_frame : < TEXT '{"method":"Target.receivedMessageFromTarget","p...F0A8E6CEE6C71A04CD9A"}}' [1042 bytes]
DEBUG : protocol : read_frame : < TEXT '{"method":"Target.receivedMessageFromTarget","p...F0A8E6CEE6C71A04CD9A"}}' [1049 bytes]
DEBUG : protocol : read_frame : < TEXT '{"method":"Target.receivedMessageFromTarget","p...F0A8E6CEE6C71A04CD9A"}}' [1047 bytes]
DEBUG : protocol : read_frame : < TEXT '{"method":"Target.receivedMessageFromTarget","p...F0A8E6CEE6C71A04CD9A"}}' [1081 bytes]
DEBUG : protocol : read_frame : < TEXT '{"method":"Target.receivedMessageFromTarget","p...F0A8E6CEE6C71A04CD9A"}}' [1088 bytes]
DEBUG : protocol : read_frame : < TEXT '{"method":"Target.receivedMessageFromTarget","p...F0A8E6CEE6C71A04CD9A"}}' [1062 bytes]
DEBUG : protocol : read_frame : < TEXT '{"method":"Target.receivedMessageFromTarget","p...F0A8E6CEE6C71A04CD9A"}}' [1076 bytes]
DEBUG : protocol : read_frame : < TEXT '{"method":"Target.receivedMessageFromTarget","p...F0A8E6CEE6C71A04CD9A"}}' [1087 bytes]
DEBUG : protocol : read_frame : < TEXT '{"method":"Target.receivedMessageFromTarget","p...F0A8E6CEE6C71A04CD9A"}}' [1077 bytes]
DEBUG : protocol : read_frame : < TEXT '{"method":"Target.receivedMessageFromTarget","p...F0A8E6CEE6C71A04CD9A"}}' [1091 bytes]
DEBUG : protocol : read_frame : < TEXT '{"method":"Target.receivedMessageFromTarget","p...F0A8E6CEE6C71A04CD9A"}}' [1068 bytes]
DEBUG : protocol : read_frame : < TEXT '{"method":"Target.receivedMessageFromTarget","p...F0A8E6CEE6C71A04CD9A"}}' [1083 bytes]
DEBUG : protocol : read_frame : < TEXT '{"method":"Target.receivedMessageFromTarget","p...F0A8E6CEE6C71A04CD9A"}}' [1096 bytes]
DEBUG : protocol : read_frame : < TEXT '{"method":"Target.receivedMessageFromTarget","p...F0A8E6CEE6C71A04CD9A"}}' [1081 bytes]
DEBUG : protocol : read_frame : < TEXT '{"method":"Target.receivedMessageFromTarget","p...F0A8E6CEE6C71A04CD9A"}}' [1080 bytes]
DEBUG : protocol : read_frame : < TEXT '{"method":"Target.receivedMessageFromTarget","p...F0A8E6CEE6C71A04CD9A"}}' [1054 bytes]
DEBUG : protocol : read_frame : < TEXT '{"method":"Target.receivedMessageFromTarget","p...F0A8E6CEE6C71A04CD9A"}}' [1076 bytes]
DEBUG : protocol : read_frame : < TEXT '{"method":"Target.receivedMessageFromTarget","p...F0A8E6CEE6C71A04CD9A"}}' [1073 bytes]
DEBUG : protocol : read_frame : < TEXT '{"method":"Target.receivedMessageFromTarget","p...F0A8E6CEE6C71A04CD9A"}}' [1165 bytes]
DEBUG : protocol : read_frame : < TEXT '{"method":"Target.receivedMessageFromTarget","p...F0A8E6CEE6C71A04CD9A"}}' [1177 bytes]
DEBUG : protocol : read_frame : < TEXT '{"method":"Target.receivedMessageFromTarget","p...F0A8E6CEE6C71A04CD9A"}}' [1159 bytes]
DEBUG : protocol : read_frame : < TEXT '{"method":"Target.receivedMessageFromTarget","p...F0A8E6CEE6C71A04CD9A"}}' [1160 bytes]
DEBUG : protocol : read_frame : < TEXT '{"method":"Target.receivedMessageFromTarget","p...F0A8E6CEE6C71A04CD9A"}}' [1071 bytes]
DEBUG : protocol : read_frame : < TEXT '{"method":"Target.receivedMessageFromTarget","p...F0A8E6CEE6C71A04CD9A"}}' [1176 bytes]
DEBUG : protocol : read_frame : < TEXT '{"method":"Target.receivedMessageFromTarget","p...F0A8E6CEE6C71A04CD9A"}}' [1156 bytes]
DEBUG : protocol : read_frame : < TEXT '{"method":"Target.receivedMessageFromTarget","p...F0A8E6CEE6C71A04CD9A"}}' [1176 bytes]
DEBUG : protocol : read_frame : < TEXT '{"method":"Target.receivedMessageFromTarget","p...F0A8E6CEE6C71A04CD9A"}}' [336 bytes]
DEBUG : protocol : read_frame : < TEXT '{"method":"Target.receivedMessageFromTarget","p...F0A8E6CEE6C71A04CD9A"}}' [335 bytes]
DEBUG : protocol : read_frame : < TEXT '{"method":"Target.receivedMessageFromTarget","p...F0A8E6CEE6C71A04CD9A"}}' [336 bytes]
DEBUG : protocol : read_frame : < TEXT '{"method":"Target.receivedMessageFromTarget","p...F0A8E6CEE6C71A04CD9A"}}' [334 bytes]
DEBUG : protocol : read_frame : < TEXT '{"method":"Target.receivedMessageFromTarget","p...F0A8E6CEE6C71A04CD9A"}}' [336 bytes]
DEBUG : protocol : read_frame : < TEXT '{"method":"Target.receivedMessageFromTarget","p...F0A8E6CEE6C71A04CD9A"}}' [356 bytes]
DEBUG : protocol : read_frame : < TEXT '{"method":"Target.receivedMessageFromTarget","p...F0A8E6CEE6C71A04CD9A"}}' [2861 bytes]
DEBUG : protocol : read_frame : < TEXT '{"method":"Target.receivedMessageFromTarget","p...F0A8E6CEE6C71A04CD9A"}}' [2976 bytes]
DEBUG : protocol : read_frame : < TEXT '{"method":"Target.receivedMessageFromTarget","p...F0A8E6CEE6C71A04CD9A"}}' [2978 bytes]
DEBUG : protocol : read_frame : < TEXT '{"method":"Target.receivedMessageFromTarget","p...F0A8E6CEE6C71A04CD9A"}}' [2981 bytes]
DEBUG : protocol : read_frame : < TEXT '{"method":"Target.receivedMessageFromTarget","p...F0A8E6CEE6C71A04CD9A"}}' [2980 bytes]
DEBUG : protocol : read_frame : < TEXT '{"method":"Target.receivedMessageFromTarget","p...F0A8E6CEE6C71A04CD9A"}}' [2981 bytes]
DEBUG : protocol : read_frame : < TEXT '{"method":"Target.receivedMessageFromTarget","p...F0A8E6CEE6C71A04CD9A"}}' [2953 bytes]
DEBUG : protocol : read_frame : < TEXT '{"method":"Target.receivedMessageFromTarget","p...F0A8E6CEE6C71A04CD9A"}}' [320 bytes]
DEBUG : protocol : read_frame : < TEXT '{"method":"Target.receivedMessageFromTarget","p...F0A8E6CEE6C71A04CD9A"}}' [337 bytes]
DEBUG : protocol : read_frame : < TEXT '{"method":"Target.receivedMessageFromTarget","p...F0A8E6CEE6C71A04CD9A"}}' [319 bytes]
DEBUG : protocol : read_frame : < TEXT '{"method":"Target.receivedMessageFromTarget","p...F0A8E6CEE6C71A04CD9A"}}' [318 bytes]
DEBUG : protocol : read_frame : < TEXT '{"method":"Target.receivedMessageFromTarget","p...F0A8E6CEE6C71A04CD9A"}}' [318 bytes]
DEBUG : protocol : read_frame : < TEXT '{"method":"Target.receivedMessageFromTarget","p...F0A8E6CEE6C71A04CD9A"}}' [318 bytes]
DEBUG : protocol : read_frame : < TEXT '{"method":"Target.receivedMessageFromTarget","p...F0A8E6CEE6C71A04CD9A"}}' [318 bytes]
DEBUG : protocol : read_frame : < TEXT '{"method":"Target.receivedMessageFromTarget","p...F0A8E6CEE6C71A04CD9A"}}' [317 bytes]
DEBUG : protocol : read_frame : < TEXT '{"method":"Target.receivedMessageFromTarget","p...F0A8E6CEE6C71A04CD9A"}}' [337 bytes]
DEBUG : protocol : read_frame : < TEXT '{"method":"Target.receivedMessageFromTarget","p...F0A8E6CEE6C71A04CD9A"}}' [337 bytes]
DEBUG : protocol : read_frame : < TEXT '{"method":"Target.receivedMessageFromTarget","p...F0A8E6CEE6C71A04CD9A"}}' [337 bytes]
DEBUG : protocol : read_frame : < TEXT '{"method":"Target.receivedMessageFromTarget","p...F0A8E6CEE6C71A04CD9A"}}' [336 bytes]
DEBUG : protocol : read_frame : < TEXT '{"method":"Target.receivedMessageFromTarget","p...F0A8E6CEE6C71A04CD9A"}}' [337 bytes]
DEBUG : protocol : read_frame : < TEXT '{"method":"Target.receivedMessageFromTarget","p...F0A8E6CEE6C71A04CD9A"}}' [336 bytes]
DEBUG : protocol : read_frame : < TEXT '{"method":"Target.receivedMessageFromTarget","p...F0A8E6CEE6C71A04CD9A"}}' [2907 bytes]
DEBUG : protocol : read_frame : < TEXT '{"method":"Target.receivedMessageFromTarget","p...F0A8E6CEE6C71A04CD9A"}}' [321 bytes]
DEBUG : protocol : read_frame : < TEXT '{"method":"Target.receivedMessageFromTarget","p...F0A8E6CEE6C71A04CD9A"}}' [316 bytes]
DEBUG : protocol : read_frame : < TEXT '{"method":"Target.receivedMessageFromTarget","p...F0A8E6CEE6C71A04CD9A"}}' [315 bytes]
DEBUG : protocol : read_frame : < TEXT '{"method":"Target.receivedMessageFromTarget","p...F0A8E6CEE6C71A04CD9A"}}' [317 bytes]
DEBUG : protocol : read_frame : < TEXT '{"method":"Target.receivedMessageFromTarget","p...F0A8E6CEE6C71A04CD9A"}}' [317 bytes]
DEBUG : protocol : read_frame : < TEXT '{"method":"Target.receivedMessageFromTarget","p...F0A8E6CEE6C71A04CD9A"}}' [317 bytes]
DEBUG : protocol : read_frame : < TEXT '{"method":"Target.receivedMessageFromTarget","p...F0A8E6CEE6C71A04CD9A"}}' [338 bytes]
DEBUG : protocol : read_frame : < TEXT '{"method":"Target.receivedMessageFromTarget","p...F0A8E6CEE6C71A04CD9A"}}' [2912 bytes]
DEBUG : protocol : read_frame : < TEXT '{"method":"Target.receivedMessageFromTarget","p...F0A8E6CEE6C71A04CD9A"}}' [321 bytes]
DEBUG : protocol : read_frame : < TEXT '{"method":"Target.receivedMessageFromTarget","p...F0A8E6CEE6C71A04CD9A"}}' [2935 bytes]
DEBUG : protocol : read_frame : < TEXT '{"method":"Target.receivedMessageFromTarget","p...F0A8E6CEE6C71A04CD9A"}}' [319 bytes]
DEBUG : protocol : read_frame : < TEXT '{"method":"Target.receivedMessageFromTarget","p...F0A8E6CEE6C71A04CD9A"}}' [337 bytes]
DEBUG : protocol : read_frame : < TEXT '{"method":"Target.receivedMessageFromTarget","p...F0A8E6CEE6C71A04CD9A"}}' [317 bytes]
DEBUG : protocol : read_frame : < TEXT '{"method":"Target.receivedMessageFromTarget","p...F0A8E6CEE6C71A04CD9A"}}' [317 bytes]
DEBUG : protocol : read_frame : < TEXT '{"method":"Target.receivedMessageFromTarget","p...F0A8E6CEE6C71A04CD9A"}}' [338 bytes]
DEBUG : protocol : read_frame : < TEXT '{"method":"Target.receivedMessageFromTarget","p...F0A8E6CEE6C71A04CD9A"}}' [2907 bytes]
DEBUG : protocol : read_frame : < TEXT '{"method":"Target.receivedMessageFromTarget","p...F0A8E6CEE6C71A04CD9A"}}' [2870 bytes]
DEBUG : protocol : read_frame : < TEXT '{"method":"Target.receivedMessageFromTarget","p...F0A8E6CEE6C71A04CD9A"}}' [2857 bytes]
DEBUG : protocol : read_frame : < TEXT '{"method":"Target.receivedMessageFromTarget","p...F0A8E6CEE6C71A04CD9A"}}' [2859 bytes]
DEBUG : protocol : read_frame : < TEXT '{"method":"Target.receivedMessageFromTarget","p...F0A8E6CEE6C71A04CD9A"}}' [2859 bytes]
DEBUG : protocol : read_frame : < TEXT '{"method":"Target.receivedMessageFromTarget","p...F0A8E6CEE6C71A04CD9A"}}' [2857 bytes]
DEBUG : protocol : read_frame : < TEXT '{"method":"Target.receivedMessageFromTarget","p...F0A8E6CEE6C71A04CD9A"}}' [2881 bytes]
DEBUG : protocol : read_frame : < TEXT '{"method":"Target.receivedMessageFromTarget","p...F0A8E6CEE6C71A04CD9A"}}' [2862 bytes]
DEBUG : protocol : read_frame : < TEXT '{"method":"Target.receivedMessageFromTarget","p...F0A8E6CEE6C71A04CD9A"}}' [2856 bytes]
DEBUG : protocol : read_frame : < TEXT '{"method":"Target.receivedMessageFromTarget","p...F0A8E6CEE6C71A04CD9A"}}' [2857 bytes]
DEBUG : protocol : read_frame : < TEXT '{"method":"Target.receivedMessageFromTarget","p...F0A8E6CEE6C71A04CD9A"}}' [2862 bytes]
DEBUG : protocol : read_frame : < TEXT '{"method":"Target.receivedMessageFromTarget","p...F0A8E6CEE6C71A04CD9A"}}' [2871 bytes]
DEBUG : protocol : read_frame : < TEXT '{"method":"Target.receivedMessageFromTarget","p...F0A8E6CEE6C71A04CD9A"}}' [2770 bytes]
DEBUG : protocol : read_frame : < TEXT '{"method":"Target.receivedMessageFromTarget","p...F0A8E6CEE6C71A04CD9A"}}' [2771 bytes]
DEBUG : protocol : read_frame : < TEXT '{"method":"Target.receivedMessageFromTarget","p...F0A8E6CEE6C71A04CD9A"}}' [2886 bytes]
DEBUG : protocol : read_frame : < TEXT '{"method":"Target.receivedMessageFromTarget","p...F0A8E6CEE6C71A04CD9A"}}' [2864 bytes]
DEBUG : protocol : read_frame : < TEXT '{"method":"Target.receivedMessageFromTarget","p...F0A8E6CEE6C71A04CD9A"}}' [2861 bytes]
DEBUG : protocol : read_frame : < TEXT '{"method":"Target.receivedMessageFromTarget","p...F0A8E6CEE6C71A04CD9A"}}' [321 bytes]
DEBUG : protocol : read_frame : < TEXT '{"method":"Target.receivedMessageFromTarget","p...F0A8E6CEE6C71A04CD9A"}}' [317 bytes]
DEBUG : protocol : read_frame : < TEXT '{"method":"Target.receivedMessageFromTarget","p...F0A8E6CEE6C71A04CD9A"}}' [317 bytes]
DEBUG : protocol : read_frame : < TEXT '{"method":"Target.receivedMessageFromTarget","p...F0A8E6CEE6C71A04CD9A"}}' [336 bytes]
DEBUG : protocol : read_frame : < TEXT '{"method":"Target.receivedMessageFromTarget","p...F0A8E6CEE6C71A04CD9A"}}' [319 bytes]
DEBUG : protocol : read_frame : < TEXT '{"method":"Target.receivedMessageFromTarget","p...F0A8E6CEE6C71A04CD9A"}}' [337 bytes]
DEBUG : protocol : read_frame : < TEXT '{"method":"Target.receivedMessageFromTarget","p...F0A8E6CEE6C71A04CD9A"}}' [320 bytes]
DEBUG : protocol : read_frame : < TEXT '{"method":"Target.receivedMessageFromTarget","p...F0A8E6CEE6C71A04CD9A"}}' [337 bytes]
DEBUG : protocol : read_frame : < TEXT '{"method":"Target.receivedMessageFromTarget","p...F0A8E6CEE6C71A04CD9A"}}' [320 bytes]
DEBUG : protocol : read_frame : < TEXT '{"method":"Target.receivedMessageFromTarget","p...F0A8E6CEE6C71A04CD9A"}}' [315 bytes]
DEBUG : protocol : read_frame : < TEXT '{"method":"Target.receivedMessageFromTarget","p...F0A8E6CEE6C71A04CD9A"}}' [317 bytes]
DEBUG : protocol : read_frame : < TEXT '{"method":"Target.receivedMessageFromTarget","p...F0A8E6CEE6C71A04CD9A"}}' [317 bytes]
DEBUG : protocol : read_frame : < TEXT '{"method":"Target.receivedMessageFromTarget","p...F0A8E6CEE6C71A04CD9A"}}' [317 bytes]
DEBUG : protocol : read_frame : < TEXT '{"method":"Target.receivedMessageFromTarget","p...F0A8E6CEE6C71A04CD9A"}}' [317 bytes]
DEBUG : protocol : read_frame : < TEXT '{"method":"Target.receivedMessageFromTarget","p...F0A8E6CEE6C71A04CD9A"}}' [317 bytes]
DEBUG : protocol : read_frame : < TEXT '{"method":"Target.receivedMessageFromTarget","p...F0A8E6CEE6C71A04CD9A"}}' [317 bytes]
DEBUG : protocol : read_frame : < TEXT '{"method":"Target.receivedMessageFromTarget","p...F0A8E6CEE6C71A04CD9A"}}' [317 bytes]
DEBUG : protocol : read_frame : < TEXT '{"method":"Target.receivedMessageFromTarget","p...F0A8E6CEE6C71A04CD9A"}}' [317 bytes]
DEBUG : protocol : read_frame : < TEXT '{"method":"Target.receivedMessageFromTarget","p...F0A8E6CEE6C71A04CD9A"}}' [319 bytes]
DEBUG : protocol : read_frame : < TEXT '{"method":"Target.receivedMessageFromTarget","p...F0A8E6CEE6C71A04CD9A"}}' [317 bytes]
DEBUG : protocol : read_frame : < TEXT '{"method":"Target.receivedMessageFromTarget","p...F0A8E6CEE6C71A04CD9A"}}' [317 bytes]
DEBUG : protocol : read_frame : < TEXT '{"method":"Target.receivedMessageFromTarget","p...F0A8E6CEE6C71A04CD9A"}}' [320 bytes]
DEBUG : protocol : read_frame : < TEXT '{"method":"Target.receivedMessageFromTarget","p...F0A8E6CEE6C71A04CD9A"}}' [337 bytes]
DEBUG : protocol : read_frame : < TEXT '{"method":"Target.receivedMessageFromTarget","p...F0A8E6CEE6C71A04CD9A"}}' [317 bytes]
DEBUG : protocol : read_frame : < TEXT '{"method":"Target.receivedMessageFromTarget","p...F0A8E6CEE6C71A04CD9A"}}' [317 bytes]
DEBUG : protocol : read_frame : < TEXT '{"method":"Target.receivedMessageFromTarget","p...F0A8E6CEE6C71A04CD9A"}}' [315 bytes]
DEBUG : protocol : read_frame : < TEXT '{"method":"Target.receivedMessageFromTarget","p...F0A8E6CEE6C71A04CD9A"}}' [317 bytes]
DEBUG : protocol : read_frame : < TEXT '{"method":"Target.receivedMessageFromTarget","p...F0A8E6CEE6C71A04CD9A"}}' [317 bytes]
DEBUG : protocol : read_frame : < TEXT '{"method":"Target.receivedMessageFromTarget","p...F0A8E6CEE6C71A04CD9A"}}' [317 bytes]
DEBUG : protocol : read_frame : < TEXT '{"method":"Target.receivedMessageFromTarget","p...F0A8E6CEE6C71A04CD9A"}}' [338 bytes]
DEBUG : protocol : read_frame : < TEXT '{"method":"Target.receivedMessageFromTarget","p...F0A8E6CEE6C71A04CD9A"}}' [317 bytes]
DEBUG : protocol : read_frame : < TEXT '{"method":"Target.receivedMessageFromTarget","p...F0A8E6CEE6C71A04CD9A"}}' [317 bytes]
DEBUG : protocol : read_frame : < TEXT '{"method":"Target.receivedMessageFromTarget","p...F0A8E6CEE6C71A04CD9A"}}' [316 bytes]
DEBUG : protocol : read_frame : < TEXT '{"method":"Target.receivedMessageFromTarget","p...F0A8E6CEE6C71A04CD9A"}}' [316 bytes]
DEBUG : protocol : read_frame : < TEXT '{"method":"Target.receivedMessageFromTarget","p...F0A8E6CEE6C71A04CD9A"}}' [316 bytes]
DEBUG : protocol : read_frame : < TEXT '{"method":"Target.receivedMessageFromTarget","p...F0A8E6CEE6C71A04CD9A"}}' [316 bytes]
DEBUG : protocol : read_frame : < TEXT '{"method":"Target.receivedMessageFromTarget","p...F0A8E6CEE6C71A04CD9A"}}' [316 bytes]
DEBUG : protocol : read_frame : < TEXT '{"method":"Target.receivedMessageFromTarget","p...F0A8E6CEE6C71A04CD9A"}}' [316 bytes]
DEBUG : protocol : read_frame : < TEXT '{"method":"Target.receivedMessageFromTarget","p...F0A8E6CEE6C71A04CD9A"}}' [316 bytes]
DEBUG : protocol : read_frame : < TEXT '{"method":"Target.receivedMessageFromTarget","p...F0A8E6CEE6C71A04CD9A"}}' [316 bytes]
DEBUG : protocol : read_frame : < TEXT '{"method":"Target.receivedMessageFromTarget","p...F0A8E6CEE6C71A04CD9A"}}' [316 bytes]
DEBUG : protocol : read_frame : < TEXT '{"method":"Target.receivedMessageFromTarget","p...F0A8E6CEE6C71A04CD9A"}}' [316 bytes]
DEBUG : protocol : read_frame : < TEXT '{"method":"Target.receivedMessageFromTarget","p...F0A8E6CEE6C71A04CD9A"}}' [316 bytes]
DEBUG : protocol : read_frame : < TEXT '{"method":"Target.receivedMessageFromTarget","p...F0A8E6CEE6C71A04CD9A"}}' [316 bytes]
DEBUG : protocol : read_frame : < TEXT '{"method":"Target.receivedMessageFromTarget","p...F0A8E6CEE6C71A04CD9A"}}' [316 bytes]
DEBUG : protocol : read_frame : < TEXT '{"method":"Target.receivedMessageFromTarget","p...F0A8E6CEE6C71A04CD9A"}}' [316 bytes]
DEBUG : protocol : read_frame : < TEXT '{"method":"Target.receivedMessageFromTarget","p...F0A8E6CEE6C71A04CD9A"}}' [2961 bytes]
DEBUG : protocol : read_frame : < TEXT '{"method":"Target.receivedMessageFromTarget","p...F0A8E6CEE6C71A04CD9A"}}' [319 bytes]
DEBUG : protocol : read_frame : < TEXT '{"method":"Target.receivedMessageFromTarget","p...F0A8E6CEE6C71A04CD9A"}}' [337 bytes]
DEBUG : protocol : read_frame : < TEXT '{"method":"Target.receivedMessageFromTarget","p...F0A8E6CEE6C71A04CD9A"}}' [2900 bytes]
DEBUG : protocol : read_frame : < TEXT '{"method":"Target.receivedMessageFromTarget","p...F0A8E6CEE6C71A04CD9A"}}' [316 bytes]
DEBUG : protocol : read_frame : < TEXT '{"method":"Target.receivedMessageFromTarget","p...F0A8E6CEE6C71A04CD9A"}}' [316 bytes]
DEBUG : protocol : read_frame : < TEXT '{"method":"Target.receivedMessageFromTarget","p...F0A8E6CEE6C71A04CD9A"}}' [317 bytes]
DEBUG : protocol : read_frame : < TEXT '{"method":"Target.receivedMessageFromTarget","p...F0A8E6CEE6C71A04CD9A"}}' [337 bytes]
DEBUG : protocol : read_frame : < TEXT '{"method":"Target.receivedMessageFromTarget","p...F0A8E6CEE6C71A04CD9A"}}' [316 bytes]
DEBUG : protocol : read_frame : < TEXT '{"method":"Target.receivedMessageFromTarget","p...F0A8E6CEE6C71A04CD9A"}}' [314 bytes]
DEBUG : protocol : read_frame : < TEXT '{"method":"Target.receivedMessageFromTarget","p...F0A8E6CEE6C71A04CD9A"}}' [316 bytes]
DEBUG : protocol : read_frame : < TEXT '{"method":"Target.receivedMessageFromTarget","p...F0A8E6CEE6C71A04CD9A"}}' [316 bytes]
DEBUG : protocol : read_frame : < TEXT '{"method":"Target.receivedMessageFromTarget","p...F0A8E6CEE6C71A04CD9A"}}' [337 bytes]
DEBUG : protocol : read_frame : < TEXT '{"method":"Target.receivedMessageFromTarget","p...F0A8E6CEE6C71A04CD9A"}}' [320 bytes]
DEBUG : protocol : read_frame : < TEXT '{"method":"Target.receivedMessageFromTarget","p...F0A8E6CEE6C71A04CD9A"}}' [315 bytes]
DEBUG : protocol : read_frame : < TEXT '{"method":"Target.receivedMessageFromTarget","p...F0A8E6CEE6C71A04CD9A"}}' [316 bytes]
DEBUG : protocol : read_frame : < TEXT '{"method":"Target.receivedMessageFromTarget","p...F0A8E6CEE6C71A04CD9A"}}' [2901 bytes]
DEBUG : protocol : read_frame : < TEXT '{"method":"Target.receivedMessageFromTarget","p...F0A8E6CEE6C71A04CD9A"}}' [319 bytes]
DEBUG : protocol : read_frame : < TEXT '{"method":"Target.receivedMessageFromTarget","p...F0A8E6CEE6C71A04CD9A"}}' [337 bytes]
DEBUG : protocol : read_frame : < TEXT '{"method":"Target.receivedMessageFromTarget","p...F0A8E6CEE6C71A04CD9A"}}' [2758 bytes]
DEBUG : protocol : read_frame : < TEXT '{"method":"Target.receivedMessageFromTarget","p...F0A8E6CEE6C71A04CD9A"}}' [316 bytes]
DEBUG : protocol : read_frame : < TEXT '{"method":"Target.receivedMessageFromTarget","p...F0A8E6CEE6C71A04CD9A"}}' [319 bytes]
DEBUG : protocol : read_frame : < TEXT '{"method":"Target.receivedMessageFromTarget","p...F0A8E6CEE6C71A04CD9A"}}' [337 bytes]
DEBUG : protocol : read_frame : < TEXT '{"method":"Target.receivedMessageFromTarget","p...F0A8E6CEE6C71A04CD9A"}}' [315 bytes]
DEBUG : protocol : read_frame : < TEXT '{"method":"Target.receivedMessageFromTarget","p...F0A8E6CEE6C71A04CD9A"}}' [316 bytes]
DEBUG : protocol : read_frame : < TEXT '{"method":"Target.receivedMessageFromTarget","p...F0A8E6CEE6C71A04CD9A"}}' [316 bytes]
DEBUG : protocol : read_frame : < TEXT '{"method":"Target.receivedMessageFromTarget","p...F0A8E6CEE6C71A04CD9A"}}' [316 bytes]
DEBUG : protocol : read_frame : < TEXT '{"method":"Target.receivedMessageFromTarget","p...F0A8E6CEE6C71A04CD9A"}}' [2934 bytes]
DEBUG : protocol : read_frame : < TEXT '{"method":"Target.receivedMessageFromTarget","p...F0A8E6CEE6C71A04CD9A"}}' [316 bytes]
DEBUG : protocol : read_frame : < TEXT '{"method":"Target.receivedMessageFromTarget","p...F0A8E6CEE6C71A04CD9A"}}' [319 bytes]
DEBUG : protocol : read_frame : < TEXT '{"method":"Target.receivedMessageFromTarget","p...F0A8E6CEE6C71A04CD9A"}}' [337 bytes]
DEBUG : protocol : read_frame : < TEXT '{"method":"Target.receivedMessageFromTarget","p...F0A8E6CEE6C71A04CD9A"}}' [316 bytes]
DEBUG : protocol : read_frame : < TEXT '{"method":"Target.receivedMessageFromTarget","p...F0A8E6CEE6C71A04CD9A"}}' [315 bytes]
DEBUG : protocol : read_frame : < TEXT '{"method":"Target.receivedMessageFromTarget","p...F0A8E6CEE6C71A04CD9A"}}' [316 bytes]
DEBUG : protocol : read_frame : < TEXT '{"method":"Target.receivedMessageFromTarget","p...F0A8E6CEE6C71A04CD9A"}}' [316 bytes]
DEBUG : protocol : read_frame : < TEXT '{"method":"Target.receivedMessageFromTarget","p...F0A8E6CEE6C71A04CD9A"}}' [337 bytes]
DEBUG : protocol : read_frame : < TEXT '{"method":"Target.receivedMessageFromTarget","p...F0A8E6CEE6C71A04CD9A"}}' [318 bytes]
DEBUG : protocol : read_frame : < TEXT '{"method":"Target.receivedMessageFromTarget","p...F0A8E6CEE6C71A04CD9A"}}' [335 bytes]
DEBUG : protocol : read_frame : < TEXT '{"method":"Target.receivedMessageFromTarget","p...F0A8E6CEE6C71A04CD9A"}}' [316 bytes]
DEBUG : protocol : read_frame : < TEXT '{"method":"Target.receivedMessageFromTarget","p...F0A8E6CEE6C71A04CD9A"}}' [335 bytes]
DEBUG : protocol : read_frame : < TEXT '{"method":"Target.receivedMessageFromTarget","p...F0A8E6CEE6C71A04CD9A"}}' [321 bytes]
DEBUG : protocol : read_frame : < TEXT '{"method":"Target.receivedMessageFromTarget","p...F0A8E6CEE6C71A04CD9A"}}' [2894 bytes]
DEBUG : protocol : read_frame : < TEXT '{"method":"Target.receivedMessageFromTarget","p...F0A8E6CEE6C71A04CD9A"}}' [318 bytes]
DEBUG : protocol : read_frame : < TEXT '{"method":"Target.receivedMessageFromTarget","p...F0A8E6CEE6C71A04CD9A"}}' [337 bytes]
DEBUG : protocol : read_frame : < TEXT '{"method":"Target.receivedMessageFromTarget","p...F0A8E6CEE6C71A04CD9A"}}' [317 bytes]
DEBUG : protocol : read_frame : < TEXT '{"method":"Target.receivedMessageFromTarget","p...F0A8E6CEE6C71A04CD9A"}}' [317 bytes]
DEBUG : protocol : read_frame : < TEXT '{"method":"Target.receivedMessageFromTarget","p...F0A8E6CEE6C71A04CD9A"}}' [316 bytes]
DEBUG : protocol : read_frame : < TEXT '{"method":"Target.receivedMessageFromTarget","p...F0A8E6CEE6C71A04CD9A"}}' [338 bytes]
DEBUG : protocol : read_frame : < TEXT '{"method":"Target.receivedMessageFromTarget","p...F0A8E6CEE6C71A04CD9A"}}' [317 bytes]
DEBUG : protocol : read_frame : < TEXT '{"method":"Target.receivedMessageFromTarget","p...F0A8E6CEE6C71A04CD9A"}}' [317 bytes]
DEBUG : protocol : read_frame : < TEXT '{"method":"Target.receivedMessageFromTarget","p...F0A8E6CEE6C71A04CD9A"}}' [2934 bytes]
DEBUG : protocol : read_frame : < TEXT '{"method":"Target.receivedMessageFromTarget","p...F0A8E6CEE6C71A04CD9A"}}' [319 bytes]
DEBUG : protocol : read_frame : < TEXT '{"method":"Target.receivedMessageFromTarget","p...F0A8E6CEE6C71A04CD9A"}}' [337 bytes]
DEBUG : protocol : read_frame : < TEXT '{"method":"Target.receivedMessageFromTarget","p...F0A8E6CEE6C71A04CD9A"}}' [317 bytes]
DEBUG : protocol : read_frame : < TEXT '{"method":"Target.receivedMessageFromTarget","p...F0A8E6CEE6C71A04CD9A"}}' [317 bytes]
DEBUG : protocol : read_frame : < TEXT '{"method":"Target.receivedMessageFromTarget","p...F0A8E6CEE6C71A04CD9A"}}' [317 bytes]
DEBUG : protocol : read_frame : < TEXT '{"method":"Target.receivedMessageFromTarget","p...F0A8E6CEE6C71A04CD9A"}}' [317 bytes]
DEBUG : protocol : read_frame : < TEXT '{"method":"Target.receivedMessageFromTarget","p...F0A8E6CEE6C71A04CD9A"}}' [2875 bytes]
DEBUG : protocol : read_frame : < TEXT '{"method":"Target.receivedMessageFromTarget","p...F0A8E6CEE6C71A04CD9A"}}' [320 bytes]
DEBUG : protocol : read_frame : < TEXT '{"method":"Target.receivedMessageFromTarget","p...F0A8E6CEE6C71A04CD9A"}}' [317 bytes]
DEBUG : protocol : read_frame : < TEXT '{"method":"Target.receivedMessageFromTarget","p...F0A8E6CEE6C71A04CD9A"}}' [336 bytes]
DEBUG : protocol : read_frame : < TEXT '{"method":"Target.receivedMessageFromTarget","p...F0A8E6CEE6C71A04CD9A"}}' [2924 bytes]
DEBUG : protocol : read_frame : < TEXT '{"method":"Target.receivedMessageFromTarget","p...F0A8E6CEE6C71A04CD9A"}}' [2886 bytes]
DEBUG : protocol : read_frame : < TEXT '{"method":"Target.receivedMessageFromTarget","p...F0A8E6CEE6C71A04CD9A"}}' [320 bytes]
DEBUG : protocol : read_frame : < TEXT '{"method":"Target.receivedMessageFromTarget","p...F0A8E6CEE6C71A04CD9A"}}' [2866 bytes]
DEBUG : protocol : read_frame : < TEXT '{"method":"Target.receivedMessageFromTarget","p...F0A8E6CEE6C71A04CD9A"}}' [321 bytes]
DEBUG : protocol : read_frame : < TEXT '{"method":"Target.receivedMessageFromTarget","p...F0A8E6CEE6C71A04CD9A"}}' [317 bytes]
DEBUG : protocol : read_frame : < TEXT '{"method":"Target.receivedMessageFromTarget","p...F0A8E6CEE6C71A04CD9A"}}' [317 bytes]
DEBUG : protocol : read_frame : < TEXT '{"method":"Target.receivedMessageFromTarget","p...F0A8E6CEE6C71A04CD9A"}}' [338 bytes]
DEBUG : protocol : read_frame : < TEXT '{"method":"Target.receivedMessageFromTarget","p...F0A8E6CEE6C71A04CD9A"}}' [317 bytes]
DEBUG : protocol : read_frame : < TEXT '{"method":"Target.receivedMessageFromTarget","p...F0A8E6CEE6C71A04CD9A"}}' [316 bytes]
DEBUG : protocol : read_frame : < TEXT '{"method":"Target.receivedMessageFromTarget","p...F0A8E6CEE6C71A04CD9A"}}' [316 bytes]
DEBUG : protocol : read_frame : < TEXT '{"method":"Target.receivedMessageFromTarget","p...F0A8E6CEE6C71A04CD9A"}}' [337 bytes]
DEBUG : protocol : read_frame : < TEXT '{"method":"Target.receivedMessageFromTarget","p...F0A8E6CEE6C71A04CD9A"}}' [321 bytes]
DEBUG : protocol : read_frame : < TEXT '{"method":"Target.receivedMessageFromTarget","p...F0A8E6CEE6C71A04CD9A"}}' [317 bytes]
DEBUG : protocol : read_frame : < TEXT '{"method":"Target.receivedMessageFromTarget","p...F0A8E6CEE6C71A04CD9A"}}' [317 bytes]
DEBUG : protocol : read_frame : < TEXT '{"method":"Target.receivedMessageFromTarget","p...F0A8E6CEE6C71A04CD9A"}}' [316 bytes]
DEBUG : protocol : read_frame : < TEXT '{"method":"Target.receivedMessageFromTarget","p...F0A8E6CEE6C71A04CD9A"}}' [320 bytes]
DEBUG : protocol : read_frame : < TEXT '{"method":"Target.receivedMessageFromTarget","p...F0A8E6CEE6C71A04CD9A"}}' [316 bytes]
DEBUG : protocol : read_frame : < TEXT '{"method":"Target.receivedMessageFromTarget","p...F0A8E6CEE6C71A04CD9A"}}' [317 bytes]
DEBUG : protocol : read_frame : < TEXT '{"method":"Target.receivedMessageFromTarget","p...F0A8E6CEE6C71A04CD9A"}}' [336 bytes]
DEBUG : protocol : read_frame : < TEXT '{"method":"Target.receivedMessageFromTarget","p...F0A8E6CEE6C71A04CD9A"}}' [317 bytes]
DEBUG : protocol : read_frame : < TEXT '{"method":"Target.receivedMessageFromTarget","p...F0A8E6CEE6C71A04CD9A"}}' [336 bytes]
DEBUG : protocol : read_frame : < TEXT '{"method":"Target.receivedMessageFromTarget","p...F0A8E6CEE6C71A04CD9A"}}' [2938 bytes]
DEBUG : protocol : read_frame : < TEXT '{"method":"Target.receivedMessageFromTarget","p...F0A8E6CEE6C71A04CD9A"}}' [320 bytes]
DEBUG : protocol : read_frame : < TEXT '{"method":"Target.receivedMessageFromTarget","p...F0A8E6CEE6C71A04CD9A"}}' [337 bytes]
DEBUG : protocol : read_frame : < TEXT '{"method":"Target.receivedMessageFromTarget","p...F0A8E6CEE6C71A04CD9A"}}' [2961 bytes]
DEBUG : protocol : read_frame : < TEXT '{"method":"Target.receivedMessageFromTarget","p...F0A8E6CEE6C71A04CD9A"}}' [321 bytes]
DEBUG : protocol : read_frame : < TEXT '{"method":"Target.receivedMessageFromTarget","p...F0A8E6CEE6C71A04CD9A"}}' [2962 bytes]
DEBUG : protocol : read_frame : < TEXT '{"method":"Target.receivedMessageFromTarget","p...F0A8E6CEE6C71A04CD9A"}}' [321 bytes]
DEBUG : protocol : read_frame : < TEXT '{"method":"Target.receivedMessageFromTarget","p...F0A8E6CEE6C71A04CD9A"}}' [2959 bytes]
DEBUG : protocol : read_frame : < TEXT '{"method":"Target.receivedMessageFromTarget","p...F0A8E6CEE6C71A04CD9A"}}' [320 bytes]
DEBUG : protocol : read_frame : < TEXT '{"method":"Target.receivedMessageFromTarget","p...F0A8E6CEE6C71A04CD9A"}}' [337 bytes]
DEBUG : protocol : read_frame : < TEXT '{"method":"Target.receivedMessageFromTarget","p...F0A8E6CEE6C71A04CD9A"}}' [320 bytes]
DEBUG : protocol : read_frame : < TEXT '{"method":"Target.receivedMessageFromTarget","p...F0A8E6CEE6C71A04CD9A"}}' [338 bytes]
DEBUG : protocol : read_frame : < TEXT '{"method":"Target.receivedMessageFromTarget","p...F0A8E6CEE6C71A04CD9A"}}' [317 bytes]
DEBUG : protocol : read_frame : < TEXT '{"method":"Target.receivedMessageFromTarget","p...F0A8E6CEE6C71A04CD9A"}}' [338 bytes]
DEBUG : protocol : read_frame : < TEXT '{"method":"Target.receivedMessageFromTarget","p...F0A8E6CEE6C71A04CD9A"}}' [317 bytes]
DEBUG : protocol : read_frame : < TEXT '{"method":"Target.receivedMessageFromTarget","p...F0A8E6CEE6C71A04CD9A"}}' [315 bytes]
DEBUG : protocol : read_frame : < TEXT '{"method":"Target.receivedMessageFromTarget","p...F0A8E6CEE6C71A04CD9A"}}' [321 bytes]
DEBUG : protocol : read_frame : < TEXT '{"method":"Target.receivedMessageFromTarget","p...F0A8E6CEE6C71A04CD9A"}}' [338 bytes]
DEBUG : protocol : read_frame : < TEXT '{"method":"Target.receivedMessageFromTarget","p...F0A8E6CEE6C71A04CD9A"}}' [2963 bytes]
DEBUG : protocol : read_frame : < TEXT '{"method":"Target.receivedMessageFromTarget","p...F0A8E6CEE6C71A04CD9A"}}' [321 bytes]
DEBUG : protocol : read_frame : < TEXT '{"method":"Target.receivedMessageFromTarget","p...F0A8E6CEE6C71A04CD9A"}}' [2873 bytes]
DEBUG : protocol : read_frame : < TEXT '{"method":"Target.receivedMessageFromTarget","p...F0A8E6CEE6C71A04CD9A"}}' [321 bytes]
DEBUG : protocol : read_frame : < TEXT '{"method":"Target.receivedMessageFromTarget","p...F0A8E6CEE6C71A04CD9A"}}' [338 bytes]
DEBUG : protocol : read_frame : < TEXT '{"method":"Target.receivedMessageFromTarget","p...F0A8E6CEE6C71A04CD9A"}}' [317 bytes]
DEBUG : protocol : read_frame : < TEXT '{"method":"Target.receivedMessageFromTarget","p...F0A8E6CEE6C71A04CD9A"}}' [338 bytes]
DEBUG : protocol : read_frame : < TEXT '{"method":"Target.receivedMessageFromTarget","p...F0A8E6CEE6C71A04CD9A"}}' [2949 bytes]
DEBUG : protocol : read_frame : < TEXT '{"method":"Target.receivedMessageFromTarget","p...F0A8E6CEE6C71A04CD9A"}}' [320 bytes]
DEBUG : protocol : read_frame : < TEXT '{"method":"Target.receivedMessageFromTarget","p...F0A8E6CEE6C71A04CD9A"}}' [337 bytes]
DEBUG : protocol : read_frame : < TEXT '{"method":"Target.receivedMessageFromTarget","p...F0A8E6CEE6C71A04CD9A"}}' [2961 bytes]
DEBUG : protocol : read_frame : < TEXT '{"method":"Target.receivedMessageFromTarget","p...F0A8E6CEE6C71A04CD9A"}}' [319 bytes]
DEBUG : protocol : read_frame : < TEXT '{"method":"Target.receivedMessageFromTarget","p...F0A8E6CEE6C71A04CD9A"}}' [337 bytes]
DEBUG : protocol : read_frame : < TEXT '{"method":"Target.receivedMessageFromTarget","p...F0A8E6CEE6C71A04CD9A"}}' [319 bytes]
DEBUG : protocol : read_frame : < TEXT '{"method":"Target.receivedMessageFromTarget","p...F0A8E6CEE6C71A04CD9A"}}' [337 bytes]
DEBUG : protocol : read_frame : < TEXT '{"method":"Target.receivedMessageFromTarget","p...F0A8E6CEE6C71A04CD9A"}}' [316 bytes]
DEBUG : protocol : read_frame : < TEXT '{"method":"Target.receivedMessageFromTarget","p...F0A8E6CEE6C71A04CD9A"}}' [2962 bytes]
DEBUG : protocol : read_frame : < TEXT '{"method":"Target.receivedMessageFromTarget","p...F0A8E6CEE6C71A04CD9A"}}' [321 bytes]
DEBUG : protocol : read_frame : < TEXT '{"method":"Target.receivedMessageFromTarget","p...F0A8E6CEE6C71A04CD9A"}}' [2941 bytes]
DEBUG : protocol : read_frame : < TEXT '{"method":"Target.receivedMessageFromTarget","p...F0A8E6CEE6C71A04CD9A"}}' [320 bytes]
DEBUG : protocol : read_frame : < TEXT '{"method":"Target.receivedMessageFromTarget","p...F0A8E6CEE6C71A04CD9A"}}' [336 bytes]
DEBUG : protocol : read_frame : < TEXT '{"method":"Target.receivedMessageFromTarget","p...F0A8E6CEE6C71A04CD9A"}}' [2922 bytes]
DEBUG : protocol : read_frame : < TEXT '{"method":"Target.receivedMessageFromTarget","p...F0A8E6CEE6C71A04CD9A"}}' [320 bytes]
DEBUG : protocol : read_frame : < TEXT '{"method":"Target.receivedMessageFromTarget","p...F0A8E6CEE6C71A04CD9A"}}' [337 bytes]
DEBUG : protocol : read_frame : < TEXT '{"method":"Target.receivedMessageFromTarget","p...F0A8E6CEE6C71A04CD9A"}}' [2952 bytes]
DEBUG : protocol : read_frame : < TEXT '{"method":"Target.receivedMessageFromTarget","p...F0A8E6CEE6C71A04CD9A"}}' [319 bytes]
DEBUG : protocol : read_frame : < TEXT '{"method":"Target.receivedMessageFromTarget","p...F0A8E6CEE6C71A04CD9A"}}' [337 bytes]
DEBUG : protocol : read_frame : < TEXT '{"method":"Target.receivedMessageFromTarget","p...F0A8E6CEE6C71A04CD9A"}}' [2915 bytes]
DEBUG : protocol : read_frame : < TEXT '{"method":"Target.receivedMessageFromTarget","p...F0A8E6CEE6C71A04CD9A"}}' [320 bytes]
DEBUG : protocol : read_frame : < TEXT '{"method":"Target.receivedMessageFromTarget","p...F0A8E6CEE6C71A04CD9A"}}' [2917 bytes]
DEBUG : protocol : read_frame : < TEXT '{"method":"Target.receivedMessageFromTarget","p...F0A8E6CEE6C71A04CD9A"}}' [320 bytes]
DEBUG : protocol : read_frame : < TEXT '{"method":"Target.receivedMessageFromTarget","p...F0A8E6CEE6C71A04CD9A"}}' [2977 bytes]
DEBUG : protocol : read_frame : < TEXT '{"method":"Target.receivedMessageFromTarget","p...F0A8E6CEE6C71A04CD9A"}}' [318 bytes]
DEBUG : protocol : read_frame : < TEXT '{"method":"Target.receivedMessageFromTarget","p...F0A8E6CEE6C71A04CD9A"}}' [337 bytes]
DEBUG : protocol : read_frame : < TEXT '{"method":"Target.receivedMessageFromTarget","p...F0A8E6CEE6C71A04CD9A"}}' [2967 bytes]
DEBUG : protocol : read_frame : < TEXT '{"method":"Target.receivedMessageFromTarget","p...F0A8E6CEE6C71A04CD9A"}}' [319 bytes]
DEBUG : protocol : read_frame : < TEXT '{"method":"Target.receivedMessageFromTarget","p...F0A8E6CEE6C71A04CD9A"}}' [337 bytes]
DEBUG : protocol : read_frame : < TEXT '{"method":"Target.receivedMessageFromTarget","p...F0A8E6CEE6C71A04CD9A"}}' [2955 bytes]
DEBUG : protocol : read_frame : < TEXT '{"method":"Target.receivedMessageFromTarget","p...F0A8E6CEE6C71A04CD9A"}}' [319 bytes]
DEBUG : protocol : read_frame : < TEXT '{"method":"Target.receivedMessageFromTarget","p...F0A8E6CEE6C71A04CD9A"}}' [337 bytes]
DEBUG : protocol : read_frame : < TEXT '{"method":"Target.receivedMessageFromTarget","p...F0A8E6CEE6C71A04CD9A"}}' [2979 bytes]
DEBUG : protocol : read_frame : < TEXT '{"method":"Target.receivedMessageFromTarget","p...F0A8E6CEE6C71A04CD9A"}}' [319 bytes]
DEBUG : protocol : read_frame : < TEXT '{"method":"Target.receivedMessageFromTarget","p...F0A8E6CEE6C71A04CD9A"}}' [337 bytes]
DEBUG : protocol : read_frame : < TEXT '{"method":"Target.receivedMessageFromTarget","p...F0A8E6CEE6C71A04CD9A"}}' [2949 bytes]
DEBUG : protocol : read_frame : < TEXT '{"method":"Target.receivedMessageFromTarget","p...F0A8E6CEE6C71A04CD9A"}}' [319 bytes]
DEBUG : protocol : read_frame : < TEXT '{"method":"Target.receivedMessageFromTarget","p...F0A8E6CEE6C71A04CD9A"}}' [337 bytes]
DEBUG : protocol : read_frame : < TEXT '{"method":"Target.receivedMessageFromTarget","p...F0A8E6CEE6C71A04CD9A"}}' [321 bytes]
DEBUG : protocol : read_frame : < TEXT '{"method":"Target.receivedMessageFromTarget","p...F0A8E6CEE6C71A04CD9A"}}' [316 bytes]
DEBUG : protocol : read_frame : < TEXT '{"method":"Target.receivedMessageFromTarget","p...F0A8E6CEE6C71A04CD9A"}}' [2948 bytes]
DEBUG : protocol : read_frame : < TEXT '{"method":"Target.receivedMessageFromTarget","p...F0A8E6CEE6C71A04CD9A"}}' [321 bytes]
DEBUG : protocol : read_frame : < TEXT '{"method":"Target.receivedMessageFromTarget","p...F0A8E6CEE6C71A04CD9A"}}' [2939 bytes]
DEBUG : protocol : read_frame : < TEXT '{"method":"Target.receivedMessageFromTarget","p...F0A8E6CEE6C71A04CD9A"}}' [320 bytes]
DEBUG : protocol : read_frame : < TEXT '{"method":"Target.receivedMessageFromTarget","p...F0A8E6CEE6C71A04CD9A"}}' [337 bytes]
DEBUG : protocol : read_frame : < TEXT '{"method":"Target.receivedMessageFromTarget","p...F0A8E6CEE6C71A04CD9A"}}' [2937 bytes]
DEBUG : protocol : read_frame : < TEXT '{"method":"Target.receivedMessageFromTarget","p...F0A8E6CEE6C71A04CD9A"}}' [320 bytes]
DEBUG : protocol : read_frame : < TEXT '{"method":"Target.receivedMessageFromTarget","p...F0A8E6CEE6C71A04CD9A"}}' [337 bytes]
DEBUG : protocol : read_frame : < TEXT '{"method":"Target.receivedMessageFromTarget","p...F0A8E6CEE6C71A04CD9A"}}' [317 bytes]
DEBUG : protocol : read_frame : < TEXT '{"method":"Target.receivedMessageFromTarget","p...F0A8E6CEE6C71A04CD9A"}}' [317 bytes]
DEBUG : protocol : read_frame : < TEXT '{"method":"Target.receivedMessageFromTarget","p...F0A8E6CEE6C71A04CD9A"}}' [338 bytes]
DEBUG : protocol : read_frame : < TEXT '{"method":"Target.receivedMessageFromTarget","p...F0A8E6CEE6C71A04CD9A"}}' [317 bytes]
DEBUG : protocol : read_frame : < TEXT '{"method":"Target.receivedMessageFromTarget","p...F0A8E6CEE6C71A04CD9A"}}' [338 bytes]
DEBUG : protocol : read_frame : < TEXT '{"method":"Target.receivedMessageFromTarget","p...F0A8E6CEE6C71A04CD9A"}}' [316 bytes]
DEBUG : protocol : read_frame : < TEXT '{"method":"Target.receivedMessageFromTarget","p...F0A8E6CEE6C71A04CD9A"}}' [337 bytes]
DEBUG : protocol : read_frame : < TEXT '{"method":"Target.receivedMessageFromTarget","p...F0A8E6CEE6C71A04CD9A"}}' [316 bytes]
DEBUG : protocol : read_frame : < TEXT '{"method":"Target.receivedMessageFromTarget","p...F0A8E6CEE6C71A04CD9A"}}' [317 bytes]
DEBUG : protocol : read_frame : < TEXT '{"method":"Target.receivedMessageFromTarget","p...F0A8E6CEE6C71A04CD9A"}}' [339 bytes]
DEBUG : protocol : read_frame : < TEXT '{"method":"Target.receivedMessageFromTarget","p...F0A8E6CEE6C71A04CD9A"}}' [316 bytes]
DEBUG : protocol : read_frame : < TEXT '{"method":"Target.receivedMessageFromTarget","p...F0A8E6CEE6C71A04CD9A"}}' [337 bytes]
DEBUG : protocol : read_frame : < TEXT '{"method":"Target.receivedMessageFromTarget","p...F0A8E6CEE6C71A04CD9A"}}' [317 bytes]
DEBUG : protocol : read_frame : < TEXT '{"method":"Target.receivedMessageFromTarget","p...F0A8E6CEE6C71A04CD9A"}}' [338 bytes]
DEBUG : protocol : read_frame : < TEXT '{"method":"Target.receivedMessageFromTarget","p...F0A8E6CEE6C71A04CD9A"}}' [321 bytes]
DEBUG : protocol : read_frame : < TEXT '{"method":"Target.receivedMessageFromTarget","p...F0A8E6CEE6C71A04CD9A"}}' [316 bytes]
DEBUG : protocol : read_frame : < TEXT '{"method":"Target.receivedMessageFromTarget","p...F0A8E6CEE6C71A04CD9A"}}' [2970 bytes]
DEBUG : protocol : read_frame : < TEXT '{"method":"Target.receivedMessageFromTarget","p...F0A8E6CEE6C71A04CD9A"}}' [320 bytes]
DEBUG : protocol : read_frame : < TEXT '{"method":"Target.receivedMessageFromTarget","p...F0A8E6CEE6C71A04CD9A"}}' [337 bytes]
DEBUG : protocol : read_frame : < TEXT '{"method":"Target.receivedMessageFromTarget","p...F0A8E6CEE6C71A04CD9A"}}' [317 bytes]
DEBUG : protocol : read_frame : < TEXT '{"method":"Target.receivedMessageFromTarget","p...F0A8E6CEE6C71A04CD9A"}}' [316 bytes]
DEBUG : protocol : read_frame : < TEXT '{"method":"Target.receivedMessageFromTarget","p...F0A8E6CEE6C71A04CD9A"}}' [317 bytes]
DEBUG : protocol : read_frame : < TEXT '{"method":"Target.receivedMessageFromTarget","p...F0A8E6CEE6C71A04CD9A"}}' [316 bytes]
DEBUG : protocol : read_frame : < TEXT '{"method":"Target.receivedMessageFromTarget","p...F0A8E6CEE6C71A04CD9A"}}' [317 bytes]
DEBUG : protocol : read_frame : < TEXT '{"method":"Target.receivedMessageFromTarget","p...F0A8E6CEE6C71A04CD9A"}}' [338 bytes]
DEBUG : protocol : read_frame : < TEXT '{"method":"Target.receivedMessageFromTarget","p...F0A8E6CEE6C71A04CD9A"}}' [316 bytes]
DEBUG : protocol : read_frame : < TEXT '{"method":"Target.receivedMessageFromTarget","p...F0A8E6CEE6C71A04CD9A"}}' [316 bytes]
DEBUG : protocol : read_frame : < TEXT '{"method":"Target.receivedMessageFromTarget","p...F0A8E6CEE6C71A04CD9A"}}' [316 bytes]
DEBUG : protocol : read_frame : < TEXT '{"method":"Target.receivedMessageFromTarget","p...F0A8E6CEE6C71A04CD9A"}}' [316 bytes]
DEBUG : protocol : read_frame : < TEXT '{"method":"Target.receivedMessageFromTarget","p...F0A8E6CEE6C71A04CD9A"}}' [316 bytes]
DEBUG : protocol : read_frame : < TEXT '{"method":"Target.receivedMessageFromTarget","p...F0A8E6CEE6C71A04CD9A"}}' [316 bytes]
DEBUG : protocol : read_frame : < TEXT '{"method":"Target.receivedMessageFromTarget","p...F0A8E6CEE6C71A04CD9A"}}' [316 bytes]
DEBUG : protocol : read_frame : < TEXT '{"method":"Target.receivedMessageFromTarget","p...F0A8E6CEE6C71A04CD9A"}}' [316 bytes]
DEBUG : protocol : read_frame : < TEXT '{"method":"Target.receivedMessageFromTarget","p...F0A8E6CEE6C71A04CD9A"}}' [316 bytes]
DEBUG : protocol : read_frame : < TEXT '{"method":"Target.receivedMessageFromTarget","p...F0A8E6CEE6C71A04CD9A"}}' [316 bytes]
DEBUG : protocol : read_frame : < TEXT '{"method":"Target.receivedMessageFromTarget","p...F0A8E6CEE6C71A04CD9A"}}' [320 bytes]
DEBUG : protocol : read_frame : < TEXT '{"method":"Target.receivedMessageFromTarget","p...F0A8E6CEE6C71A04CD9A"}}' [316 bytes]
DEBUG : protocol : read_frame : < TEXT '{"method":"Target.receivedMessageFromTarget","p...F0A8E6CEE6C71A04CD9A"}}' [316 bytes]
DEBUG : protocol : read_frame : < TEXT '{"method":"Target.receivedMessageFromTarget","p...F0A8E6CEE6C71A04CD9A"}}' [315 bytes]
DEBUG : protocol : read_frame : < TEXT '{"method":"Target.receivedMessageFromTarget","p...F0A8E6CEE6C71A04CD9A"}}' [338 bytes]
DEBUG : protocol : read_frame : < TEXT '{"method":"Target.receivedMessageFromTarget","p...F0A8E6CEE6C71A04CD9A"}}' [1742 bytes]
DEBUG : protocol : read_frame : < TEXT '{"method":"Target.receivedMessageFromTarget","p...F0A8E6CEE6C71A04CD9A"}}' [1040 bytes]
DEBUG : protocol : read_frame : < TEXT '{"method":"Target.receivedMessageFromTarget","p...F0A8E6CEE6C71A04CD9A"}}' [1597 bytes]
DEBUG : protocol : read_frame : < TEXT '{"method":"Target.receivedMessageFromTarget","p...F0A8E6CEE6C71A04CD9A"}}' [255 bytes]
DEBUG : protocol : read_frame : < TEXT '{"method":"Target.receivedMessageFromTarget","p...F0A8E6CEE6C71A04CD9A"}}' [1535 bytes]
DEBUG : protocol : read_frame : < TEXT '{"method":"Target.receivedMessageFromTarget","p...F0A8E6CEE6C71A04CD9A"}}' [316 bytes]
DEBUG : protocol : read_frame : < TEXT '{"method":"Target.receivedMessageFromTarget","p...F0A8E6CEE6C71A04CD9A"}}' [334 bytes]
DEBUG : protocol : read_frame : < TEXT '{"method":"Target.receivedMessageFromTarget","p...F0A8E6CEE6C71A04CD9A"}}' [1054 bytes]
DEBUG : protocol : read_frame : < TEXT '{"method":"Target.receivedMessageFromTarget","p...F0A8E6CEE6C71A04CD9A"}}' [1359 bytes]
DEBUG : protocol : read_frame : < TEXT '{"method":"Target.receivedMessageFromTarget","p...F0A8E6CEE6C71A04CD9A"}}' [255 bytes]
DEBUG : protocol : read_frame : < TEXT '{"method":"Target.receivedMessageFromTarget","p...F0A8E6CEE6C71A04CD9A"}}' [1297 bytes]
DEBUG : protocol : read_frame : < TEXT '{"method":"Target.receivedMessageFromTarget","p...F0A8E6CEE6C71A04CD9A"}}' [315 bytes]
DEBUG : protocol : read_frame : < TEXT '{"method":"Target.receivedMessageFromTarget","p...F0A8E6CEE6C71A04CD9A"}}' [335 bytes]
DEBUG : protocol : read_frame : < TEXT '{"method":"Target.receivedMessageFromTarget","p...F0A8E6CEE6C71A04CD9A"}}' [1044 bytes]
DEBUG : protocol : read_frame : < TEXT '{"method":"Target.targetCreated","params":{"tar...8C9BC16797C1936ECF2"}}}' [291 bytes]
DEBUG : protocol : read_frame : < TEXT '{"method":"Target.targetInfoChanged","params":{...8C9BC16797C1936ECF2"}}}' [294 bytes]
DEBUG : protocol : read_frame : < TEXT '{"method":"Target.receivedMessageFromTarget","p...F0A8E6CEE6C71A04CD9A"}}' [565 bytes]
DEBUG : protocol : write_frame_sync : > TEXT '{"id": 18, "method": "Target.sendMessageToTarge...A13BF1D63F40C3A\\"}}"}}' [246 bytes]
DEBUG : protocol : read_frame : < TEXT '{"method":"Target.receivedMessageFromTarget","p...F0A8E6CEE6C71A04CD9A"}}' [318 bytes]
DEBUG : protocol : read_frame : < TEXT '{"method":"Target.targetInfoChanged","params":{...8C9BC16797C1936ECF2"}}}' [295 bytes]
DEBUG : protocol : read_frame : < TEXT '{"method":"Target.receivedMessageFromTarget","p...F0A8E6CEE6C71A04CD9A"}}' [187 bytes]
DEBUG : protocol : read_frame : < TEXT '{"id":18,"result":{}}' [21 bytes]
DEBUG : protocol : read_frame : < TEXT '{"method":"Target.receivedMessageFromTarget","p...F0A8E6CEE6C71A04CD9A"}}' [2979 bytes]
DEBUG : protocol : read_frame : < TEXT '{"method":"Target.receivedMessageFromTarget","p...F0A8E6CEE6C71A04CD9A"}}' [1385 bytes]
DEBUG : protocol : read_frame : < TEXT '{"method":"Target.receivedMessageFromTarget","p...F0A8E6CEE6C71A04CD9A"}}' [2209 bytes]
DEBUG : protocol : read_frame : < TEXT '{"method":"Target.receivedMessageFromTarget","p...F0A8E6CEE6C71A04CD9A"}}' [2208 bytes]
DEBUG : protocol : read_frame : < TEXT '{"method":"Target.receivedMessageFromTarget","p...F0A8E6CEE6C71A04CD9A"}}' [2593 bytes]
DEBUG : protocol : write_frame_sync : > TEXT '{"id": 19, "method": "Target.sendMessageToTarge...\\"id\\\\\\":1}\\"}}"}}' [252 bytes]
DEBUG : protocol : read_frame : < TEXT '{"id":19,"result":{}}' [21 bytes]
DEBUG : protocol : read_frame : < TEXT '{"method":"Target.receivedMessageFromTarget","p...F0A8E6CEE6C71A04CD9A"}}' [2873 bytes]
DEBUG : protocol : read_frame : < TEXT '{"method":"Target.receivedMessageFromTarget","p...F0A8E6CEE6C71A04CD9A"}}' [244 bytes]
DEBUG : protocol : read_frame : < TEXT '{"method":"Target.receivedMessageFromTarget","p...F0A8E6CEE6C71A04CD9A"}}' [367 bytes]
DEBUG : protocol : read_frame : < TEXT '{"method":"Target.receivedMessageFromTarget","p...F0A8E6CEE6C71A04CD9A"}}' [2994 bytes]
DEBUG : protocol : read_frame : < TEXT '{"method":"Target.receivedMessageFromTarget","p...F0A8E6CEE6C71A04CD9A"}}' [315 bytes]
DEBUG : protocol : read_frame : < TEXT '{"method":"Target.receivedMessageFromTarget","p...F0A8E6CEE6C71A04CD9A"}}' [337 bytes]
DEBUG : protocol : read_frame : < TEXT '{"method":"Target.receivedMessageFromTarget","p...F0A8E6CEE6C71A04CD9A"}}' [3018 bytes]
DEBUG : protocol : read_frame : < TEXT '{"method":"Target.receivedMessageFromTarget","p...F0A8E6CEE6C71A04CD9A"}}' [318 bytes]
DEBUG : protocol : read_frame : < TEXT '{"method":"Target.receivedMessageFromTarget","p...F0A8E6CEE6C71A04CD9A"}}' [337 bytes]
DEBUG : protocol : read_frame : < TEXT '{"method":"Target.receivedMessageFromTarget","p...F0A8E6CEE6C71A04CD9A"}}' [3002 bytes]
DEBUG : protocol : read_frame : < TEXT '{"method":"Target.receivedMessageFromTarget","p...F0A8E6CEE6C71A04CD9A"}}' [318 bytes]
DEBUG : protocol : read_frame : < TEXT '{"method":"Target.receivedMessageFromTarget","p...F0A8E6CEE6C71A04CD9A"}}' [337 bytes]
DEBUG : protocol : read_frame : < TEXT '{"method":"Target.receivedMessageFromTarget","p...F0A8E6CEE6C71A04CD9A"}}' [1894 bytes]
DEBUG : protocol : read_frame : < TEXT '{"method":"Target.receivedMessageFromTarget","p...F0A8E6CEE6C71A04CD9A"}}' [4265 bytes]
DEBUG : protocol : read_frame : < TEXT '{"method":"Target.receivedMessageFromTarget","p...F0A8E6CEE6C71A04CD9A"}}' [255 bytes]
DEBUG : protocol : read_frame : < TEXT '{"method":"Target.receivedMessageFromTarget","p...F0A8E6CEE6C71A04CD9A"}}' [3873 bytes]
DEBUG : protocol : read_frame : < TEXT '{"method":"Target.receivedMessageFromTarget","p...F0A8E6CEE6C71A04CD9A"}}' [317 bytes]
DEBUG : protocol : read_frame : < TEXT '{"method":"Target.receivedMessageFromTarget","p...F0A8E6CEE6C71A04CD9A"}}' [335 bytes]
DEBUG : protocol : read_frame : < TEXT '{"method":"Target.receivedMessageFromTarget","p...F0A8E6CEE6C71A04CD9A"}}' [1580 bytes]
DEBUG : protocol : read_frame : < TEXT '{"method":"Target.receivedMessageFromTarget","p...F0A8E6CEE6C71A04CD9A"}}' [255 bytes]
DEBUG : protocol : read_frame : < TEXT '{"method":"Target.receivedMessageFromTarget","p...F0A8E6CEE6C71A04CD9A"}}' [1188 bytes]
DEBUG : protocol : read_frame : < TEXT '{"method":"Target.receivedMessageFromTarget","p...F0A8E6CEE6C71A04CD9A"}}' [316 bytes]
DEBUG : protocol : read_frame : < TEXT '{"method":"Target.receivedMessageFromTarget","p...F0A8E6CEE6C71A04CD9A"}}' [335 bytes]
DEBUG : protocol : read_frame : < TEXT '{"method":"Target.receivedMessageFromTarget","p...F0A8E6CEE6C71A04CD9A"}}' [362 bytes]
DEBUG : protocol : read_frame : < TEXT '{"method":"Target.receivedMessageFromTarget","p...F0A8E6CEE6C71A04CD9A"}}' [372 bytes]
DEBUG : protocol : read_frame : < TEXT '{"method":"Target.receivedMessageFromTarget","p...F0A8E6CEE6C71A04CD9A"}}' [366 bytes]
DEBUG : protocol : read_frame : < TEXT '{"method":"Target.receivedMessageFromTarget","p...F0A8E6CEE6C71A04CD9A"}}' [367 bytes]
DEBUG : protocol : read_frame : < TEXT '{"method":"Target.receivedMessageFromTarget","p...F0A8E6CEE6C71A04CD9A"}}' [381 bytes]
DEBUG : protocol : read_frame : < TEXT '{"method":"Target.receivedMessageFromTarget","p...F0A8E6CEE6C71A04CD9A"}}' [3035 bytes]
DEBUG : protocol : read_frame : < TEXT '{"method":"Target.receivedMessageFromTarget","p...F0A8E6CEE6C71A04CD9A"}}' [322 bytes]
DEBUG : protocol : read_frame : < TEXT '{"method":"Target.receivedMessageFromTarget","p...F0A8E6CEE6C71A04CD9A"}}' [339 bytes]
DEBUG : protocol : read_frame : < TEXT '{"method":"Target.receivedMessageFromTarget","p...F0A8E6CEE6C71A04CD9A"}}' [187 bytes]
DEBUG : protocol : read_frame : < TEXT '{"method":"Target.receivedMessageFromTarget","p...F0A8E6CEE6C71A04CD9A"}}' [3301 bytes]
DEBUG : protocol : read_frame : < TEXT '{"method":"Target.receivedMessageFromTarget","p...F0A8E6CEE6C71A04CD9A"}}' [320 bytes]
DEBUG : protocol : read_frame : < TEXT '{"method":"Target.receivedMessageFromTarget","p...F0A8E6CEE6C71A04CD9A"}}' [338 bytes]
DEBUG : protocol : read_frame : < TEXT '{"method":"Target.receivedMessageFromTarget","p...F0A8E6CEE6C71A04CD9A"}}' [2936 bytes]
DEBUG : protocol : read_frame : < TEXT '{"method":"Target.receivedMessageFromTarget","p...F0A8E6CEE6C71A04CD9A"}}' [321 bytes]
DEBUG : protocol : read_frame : < TEXT '{"method":"Target.receivedMessageFromTarget","p...F0A8E6CEE6C71A04CD9A"}}' [339 bytes]
DEBUG : protocol : read_frame : < TEXT '{"method":"Target.receivedMessageFromTarget","p...F0A8E6CEE6C71A04CD9A"}}' [1069 bytes]
DEBUG : protocol : read_frame : < TEXT '{"method":"Target.receivedMessageFromTarget","p...F0A8E6CEE6C71A04CD9A"}}' [1078 bytes]
DEBUG : protocol : read_frame : < TEXT '{"method":"Target.receivedMessageFromTarget","p...F0A8E6CEE6C71A04CD9A"}}' [4541 bytes]
DEBUG : protocol : read_frame : < TEXT '{"method":"Target.receivedMessageFromTarget","p...F0A8E6CEE6C71A04CD9A"}}' [3728 bytes]
DEBUG : protocol : read_frame : < TEXT '{"method":"Target.receivedMessageFromTarget","p...F0A8E6CEE6C71A04CD9A"}}' [336 bytes]
DEBUG : protocol : read_frame : < TEXT '{"method":"Target.receivedMessageFromTarget","p...F0A8E6CEE6C71A04CD9A"}}' [1228 bytes]
DEBUG : protocol : read_frame : < TEXT '{"method":"Target.receivedMessageFromTarget","p...F0A8E6CEE6C71A04CD9A"}}' [344 bytes]
DEBUG : protocol : read_frame : < TEXT '{"method":"Target.receivedMessageFromTarget","p...F0A8E6CEE6C71A04CD9A"}}' [2721 bytes]
DEBUG : protocol : read_frame : < TEXT '{"method":"Target.receivedMessageFromTarget","p...F0A8E6CEE6C71A04CD9A"}}' [2721 bytes]
DEBUG : protocol : read_frame : < TEXT '{"method":"Target.receivedMessageFromTarget","p...F0A8E6CEE6C71A04CD9A"}}' [2724 bytes]
DEBUG : protocol : read_frame : < TEXT '{"method":"Target.receivedMessageFromTarget","p...F0A8E6CEE6C71A04CD9A"}}' [3106 bytes]
DEBUG : protocol : write_frame_sync : > TEXT '{"id": 20, "method": "Target.sendMessageToTarge...\\"id\\\\\\":2}\\"}}"}}' [252 bytes]
DEBUG : protocol : read_frame : < TEXT '{"id":20,"result":{}}' [21 bytes]
DEBUG : protocol : read_frame : < TEXT '{"method":"Target.receivedMessageFromTarget","p...F0A8E6CEE6C71A04CD9A"}}' [1520 bytes]
DEBUG : protocol : read_frame : < TEXT '{"method":"Target.receivedMessageFromTarget","p...F0A8E6CEE6C71A04CD9A"}}' [676 bytes]
DEBUG : protocol : read_frame : < TEXT '{"method":"Target.receivedMessageFromTarget","p...F0A8E6CEE6C71A04CD9A"}}' [368 bytes]
DEBUG : protocol : read_frame : < TEXT '{"method":"Target.receivedMessageFromTarget","p...F0A8E6CEE6C71A04CD9A"}}' [265 bytes]
DEBUG : protocol : read_frame : < TEXT '{"method":"Target.receivedMessageFromTarget","p...F0A8E6CEE6C71A04CD9A"}}' [356 bytes]
DEBUG : protocol : read_frame : < TEXT '{"method":"Target.receivedMessageFromTarget","p...F0A8E6CEE6C71A04CD9A"}}' [476 bytes]
DEBUG : protocol : read_frame : < TEXT '{"method":"Target.receivedMessageFromTarget","p...F0A8E6CEE6C71A04CD9A"}}' [393 bytes]
DEBUG : protocol : read_frame : < TEXT '{"method":"Target.receivedMessageFromTarget","p...F0A8E6CEE6C71A04CD9A"}}' [356 bytes]
DEBUG : protocol : read_frame : < TEXT '{"method":"Target.receivedMessageFromTarget","p...F0A8E6CEE6C71A04CD9A"}}' [265 bytes]
DEBUG : protocol : read_frame : < TEXT '{"method":"Target.receivedMessageFromTarget","p...F0A8E6CEE6C71A04CD9A"}}' [368 bytes]
DEBUG : protocol : read_frame : < TEXT '{"method":"Target.receivedMessageFromTarget","p...F0A8E6CEE6C71A04CD9A"}}' [187 bytes]
DEBUG : protocol : read_frame : < TEXT '{"method":"Target.receivedMessageFromTarget","p...F0A8E6CEE6C71A04CD9A"}}' [3405 bytes]
DEBUG : protocol : read_frame : < TEXT '{"method":"Target.receivedMessageFromTarget","p...F0A8E6CEE6C71A04CD9A"}}' [3415 bytes]
DEBUG : protocol : read_frame : < TEXT '{"method":"Target.receivedMessageFromTarget","p...F0A8E6CEE6C71A04CD9A"}}' [3826 bytes]
DEBUG : protocol : read_frame : < TEXT '{"method":"Target.receivedMessageFromTarget","p...F0A8E6CEE6C71A04CD9A"}}' [316 bytes]
DEBUG : protocol : read_frame : < TEXT '{"method":"Target.receivedMessageFromTarget","p...F0A8E6CEE6C71A04CD9A"}}' [336 bytes]
DEBUG : protocol : read_frame : < TEXT '{"method":"Target.receivedMessageFromTarget","p...F0A8E6CEE6C71A04CD9A"}}' [2522 bytes]
DEBUG : protocol : read_frame : < TEXT '{"method":"Target.receivedMessageFromTarget","p...F0A8E6CEE6C71A04CD9A"}}' [316 bytes]
DEBUG : protocol : read_frame : < TEXT '{"method":"Target.receivedMessageFromTarget","p...F0A8E6CEE6C71A04CD9A"}}' [337 bytes]
DEBUG : protocol : read_frame : < TEXT '{"method":"Target.receivedMessageFromTarget","p...F0A8E6CEE6C71A04CD9A"}}' [2538 bytes]
DEBUG : protocol : read_frame : < TEXT '{"method":"Target.receivedMessageFromTarget","p...F0A8E6CEE6C71A04CD9A"}}' [316 bytes]
DEBUG : protocol : read_frame : < TEXT '{"method":"Target.receivedMessageFromTarget","p...F0A8E6CEE6C71A04CD9A"}}' [337 bytes]
DEBUG : protocol : read_frame : < TEXT '{"method":"Target.receivedMessageFromTarget","p...F0A8E6CEE6C71A04CD9A"}}' [239 bytes]
DEBUG : protocol : read_frame : < TEXT '{"method":"Target.receivedMessageFromTarget","p...F0A8E6CEE6C71A04CD9A"}}' [356 bytes]
DEBUG : protocol : read_frame : < TEXT '{"method":"Target.receivedMessageFromTarget","p...F0A8E6CEE6C71A04CD9A"}}' [265 bytes]
DEBUG : protocol : write_frame_sync : > TEXT '{"id": 21, "method": "Target.sendMessageToTarge...6CEE6C71A04CD9A\\"}}"}}' [243 bytes]
DEBUG : protocol : read_frame : < TEXT '{"method":"Target.receivedMessageFromTarget","p...F0A8E6CEE6C71A04CD9A"}}' [4550 bytes]
DEBUG : protocol : read_frame : < TEXT '{"method":"Target.receivedMessageFromTarget","p...F0A8E6CEE6C71A04CD9A"}}' [3862 bytes]
DEBUG : protocol : read_frame : < TEXT '{"method":"Target.receivedMessageFromTarget","p...F0A8E6CEE6C71A04CD9A"}}' [187 bytes]
DEBUG : protocol : read_frame : < TEXT '{"id":21,"result":{}}' [21 bytes]
DEBUG : protocol : read_frame : < TEXT '{"method":"Target.receivedMessageFromTarget","p...F0A8E6CEE6C71A04CD9A"}}' [336 bytes]
DEBUG : protocol : read_frame : < TEXT '{"method":"Target.receivedMessageFromTarget","p...F0A8E6CEE6C71A04CD9A"}}' [1094 bytes]
DEBUG : protocol : read_frame : < TEXT '{"method":"Target.receivedMessageFromTarget","p...F0A8E6CEE6C71A04CD9A"}}' [344 bytes]
DEBUG : protocol : write_frame_sync : > TEXT '{"id": 22, "method": "Target.sendMessageToTarge...mat\\": \\"jpeg\\"}}"}}' [214 bytes]
DEBUG : protocol : read_frame : < TEXT '{"id":22,"result":{}}' [21 bytes]
DEBUG : protocol : read_frame : < TEXT '{"method":"Target.receivedMessageFromTarget","p...F0A8E6CEE6C71A04CD9A"}}' [4058 bytes]
DEBUG : protocol : read_frame : < TEXT '{"method":"Target.receivedMessageFromTarget","p...F0A8E6CEE6C71A04CD9A"}}' [761 bytes]
DEBUG : protocol : read_frame : < TEXT '{"method":"Target.receivedMessageFromTarget","p...F0A8E6CEE6C71A04CD9A"}}' [344 bytes]
DEBUG : protocol : read_frame : < TEXT '{"method":"Target.receivedMessageFromTarget","p...F0A8E6CEE6C71A04CD9A"}}' [198724 bytes]
INFO : uploads : upload_file : Uploading file of 148892 bytes in 2 chunks of 131072
DEBUG : messagepacker : get : Assigned msg_id = 7189938500522210504 to SaveFilePartRequest (10b8a7550)
DEBUG : mtprotosender : _send_loop : Encrypting 1 message(s) in 107832 bytes for sending
DEBUG : mtprotosender : _send_loop : Encrypted messages put in a queue to be sent
DEBUG : mtprotosender : _send_loop : Waiting for messages to send...
DEBUG : messagepacker : get : Assigned msg_id = 7189938500927450204 to MsgsAck (10b8a7520)
DEBUG : mtprotosender : _send_loop : Encrypting 1 message(s) in 44 bytes for sending
DEBUG : mtprotosender : _send_loop : Encrypted messages put in a queue to be sent
DEBUG : mtprotosender : _send_loop : Waiting for messages to send...
DEBUG : protocol : read_frame : < TEXT '{"method":"Target.receivedMessageFromTarget","p...F0A8E6CEE6C71A04CD9A"}}' [369 bytes]
DEBUG : protocol : read_frame : < TEXT '{"method":"Target.receivedMessageFromTarget","p...F0A8E6CEE6C71A04CD9A"}}' [372 bytes]
DEBUG : protocol : read_frame : < TEXT '{"method":"Target.receivedMessageFromTarget","p...F0A8E6CEE6C71A04CD9A"}}' [369 bytes]
DEBUG : protocol : read_frame : < TEXT '{"method":"Target.receivedMessageFromTarget","p...F0A8E6CEE6C71A04CD9A"}}' [363 bytes]
DEBUG : protocol : read_frame : < TEXT '{"method":"Target.receivedMessageFromTarget","p...F0A8E6CEE6C71A04CD9A"}}' [363 bytes]
DEBUG : mtprotosender : _handle_gzip_packed : Handling gzipped data
DEBUG : mtprotosender : _handle_update : Handling update Updates
DEBUG : mtprotosender : _recv_loop : Receiving items from the network...
DEBUG : mtprotosender : _handle_rpc_result : Handling RPC result for message 7189938500522210504
DEBUG : mtprotosender : _recv_loop : Receiving items from the network...
DEBUG : uploads : upload_file : Uploaded 1/2
DEBUG : messagepacker : get : Assigned msg_id = 7189938512146972924 to SaveFilePartRequest (10b8a7910)
DEBUG : mtprotosender : _send_loop : Encrypting 1 message(s) in 16000 bytes for sending
DEBUG : mtprotosender : _send_loop : Encrypted messages put in a queue to be sent
DEBUG : mtprotosender : _send_loop : Waiting for messages to send...
DEBUG : messagepacker : get : Assigned msg_id = 7189938512187256128 to MsgsAck (10b8a77c0)
DEBUG : mtprotosender : _send_loop : Encrypting 1 message(s) in 44 bytes for sending
DEBUG : mtprotosender : _send_loop : Encrypted messages put in a queue to be sent
DEBUG : mtprotosender : _send_loop : Waiting for messages to send...
DEBUG : mtprotosender : _handle_rpc_result : Handling RPC result for message 7189938512146972924
DEBUG : mtprotosender : _recv_loop : Receiving items from the network...
DEBUG : uploads : upload_file : Uploaded 2/2
DEBUG : messagepacker : get : Assigned msg_id = 7189938513151875764 to SendMediaRequest (10b8a7730)
DEBUG : mtprotosender : _send_loop : Encrypting 1 message(s) in 180 bytes for sending
DEBUG : mtprotosender : _send_loop : Encrypted messages put in a queue to be sent
DEBUG : mtprotosender : _send_loop : Waiting for messages to send...
DEBUG : messagepacker : get : Assigned msg_id = 7189938513155128748 to MsgsAck (10b8a7580)
DEBUG : mtprotosender : _send_loop : Encrypting 1 message(s) in 36 bytes for sending
DEBUG : mtprotosender : _send_loop : Encrypted messages put in a queue to be sent
DEBUG : mtprotosender : _send_loop : Waiting for messages to send...
DEBUG : mtprotosender : _handle_rpc_result : Handling RPC result for message 7189938513151875764
DEBUG : mtprotosender : _recv_loop : Receiving items from the network...
DEBUG : protocol : read_frame : < TEXT '{"method":"Target.receivedMessageFromTarget","p...F0A8E6CEE6C71A04CD9A"}}' [3451 bytes]
DEBUG : protocol : read_frame : < TEXT '{"method":"Target.receivedMessageFromTarget","p...F0A8E6CEE6C71A04CD9A"}}' [824 bytes]
DEBUG : protocol : read_frame : < TEXT '{"method":"Target.receivedMessageFromTarget","p...F0A8E6CEE6C71A04CD9A"}}' [824 bytes]
DEBUG : protocol : read_frame : < TEXT '{"method":"Target.receivedMessageFromTarget","p...F0A8E6CEE6C71A04CD9A"}}' [1027 bytes]
DEBUG : protocol : read_frame : < TEXT '{"method":"Target.receivedMessageFromTarget","p...F0A8E6CEE6C71A04CD9A"}}' [335 bytes]
DEBUG : protocol : read_frame : < TEXT '{"method":"Target.receivedMessageFromTarget","p...F0A8E6CEE6C71A04CD9A"}}' [2519 bytes]
DEBUG : protocol : read_frame : < TEXT '{"method":"Target.receivedMessageFromTarget","p...F0A8E6CEE6C71A04CD9A"}}' [2519 bytes]
DEBUG : protocol : read_frame : < TEXT '{"method":"Target.receivedMessageFromTarget","p...F0A8E6CEE6C71A04CD9A"}}' [337 bytes]
DEBUG : protocol : read_frame : < TEXT '{"method":"Target.receivedMessageFromTarget","p...F0A8E6CEE6C71A04CD9A"}}' [2302 bytes]
DEBUG : protocol : read_frame : < TEXT '{"method":"Target.receivedMessageFromTarget","p...F0A8E6CEE6C71A04CD9A"}}' [2996 bytes]
DEBUG : protocol : read_frame : < TEXT '{"method":"Target.receivedMessageFromTarget","p...F0A8E6CEE6C71A04CD9A"}}' [315 bytes]
DEBUG : protocol : read_frame : < TEXT '{"method":"Target.receivedMessageFromTarget","p...F0A8E6CEE6C71A04CD9A"}}' [337 bytes]
DEBUG : protocol : read_frame : < TEXT '{"method":"Target.receivedMessageFromTarget","p...F0A8E6CEE6C71A04CD9A"}}' [1567 bytes]
DEBUG : protocol : read_frame : < TEXT '{"method":"Target.receivedMessageFromTarget","p...F0A8E6CEE6C71A04CD9A"}}' [1568 bytes]
INFO : mtprotosender : _disconnect : Disconnecting from 91.108.56.163:443/TcpFull...
DEBUG : mtprotosender : _disconnect : Closing current connection...
DEBUG : mtprotosender : _disconnect : Cancelling 0 pending message(s)...
INFO : mtprotosender : _disconnect : Disconnection from 91.108.56.163:443/TcpFull complete!
INFO : mtprotosender : _disconnect : Not disconnecting (already have no connection)
DEBUG : protocol : fail_connection : ! failing connection with code 1006
DEBUG : protocol : connection_lost : = connection is CLOSED
INFO : mtprotosender : _disconnect : Not disconnecting (already have no connection)
